<?xml version="1.0" encoding="UTF-8"?>
<coverage generated="1588132038102" clover="3.2.0">
  <project timestamp="1588132038102" name="All files">
    <metrics statements="526" coveredstatements="477" conditionals="289" coveredconditionals="245" methods="64" coveredmethods="49" elements="879" coveredelements="771" complexity="0" loc="526" ncloc="526" packages="9" files="11" classes="11"/>
    <package name="WikiWrapper">
      <metrics statements="6" coveredstatements="6" conditionals="1" coveredconditionals="1" methods="5" coveredmethods="4"/>
      <file name="index.js" path="/Users/hoangnam/Dev/Templates/ReactJS/src/WikiWrapper/index.js">
        <metrics statements="6" coveredstatements="6" conditionals="1" coveredconditionals="1" methods="5" coveredmethods="4"/>
        <line num="3" count="6" type="stmt"/>
        <line num="5" count="3" type="stmt"/>
        <line num="6" count="24" type="stmt"/>
        <line num="9" count="12" type="stmt"/>
        <line num="15" count="12" type="cond" truecount="1" falsecount="0"/>
        <line num="24" count="3" type="stmt"/>
      </file>
    </package>
    <package name="components.WikiApp.Article">
      <metrics statements="6" coveredstatements="6" conditionals="2" coveredconditionals="1" methods="1" coveredmethods="1"/>
      <file name="index.js" path="/Users/hoangnam/Dev/Templates/ReactJS/src/components/WikiApp/Article/index.js">
        <metrics statements="6" coveredstatements="6" conditionals="2" coveredconditionals="1" methods="1" coveredmethods="1"/>
        <line num="12" count="2" type="stmt"/>
        <line num="23" count="2" type="stmt"/>
        <line num="24" count="12" type="cond" truecount="1" falsecount="1"/>
        <line num="25" count="12" type="stmt"/>
        <line num="26" count="12" type="stmt"/>
        <line num="28" count="12" type="stmt"/>
      </file>
    </package>
    <package name="components.WikiApp.Content">
      <metrics statements="4" coveredstatements="2" conditionals="2" coveredconditionals="1" methods="2" coveredmethods="1"/>
      <file name="index.js" path="/Users/hoangnam/Dev/Templates/ReactJS/src/components/WikiApp/Content/index.js">
        <metrics statements="4" coveredstatements="2" conditionals="2" coveredconditionals="1" methods="2" coveredmethods="1"/>
        <line num="4" count="2" type="stmt"/>
        <line num="5" count="12" type="cond" truecount="1" falsecount="1"/>
        <line num="7" count="0" type="stmt"/>
        <line num="10" count="0" type="stmt"/>
      </file>
    </package>
    <package name="components.WikiApp.Elements">
      <metrics statements="67" coveredstatements="61" conditionals="68" coveredconditionals="54" methods="11" coveredmethods="10"/>
      <file name="index.js" path="/Users/hoangnam/Dev/Templates/ReactJS/src/components/WikiApp/Elements/index.js">
        <metrics statements="67" coveredstatements="61" conditionals="68" coveredconditionals="54" methods="11" coveredmethods="10"/>
        <line num="6" count="2" type="stmt"/>
        <line num="7" count="7986" type="stmt"/>
        <line num="8" count="7986" type="stmt"/>
        <line num="9" count="3993" type="stmt"/>
        <line num="10" count="3993" type="stmt"/>
        <line num="11" count="3993" type="stmt"/>
        <line num="12" count="4303" type="stmt"/>
        <line num="13" count="4303" type="cond" truecount="2" falsecount="0"/>
        <line num="14" count="310" type="stmt"/>
        <line num="17" count="3993" type="stmt"/>
        <line num="19" count="7986" type="stmt"/>
        <line num="22" count="2" type="stmt"/>
        <line num="23" count="78" type="stmt"/>
        <line num="48" count="78" type="stmt"/>
        <line num="55" count="2" type="stmt"/>
        <line num="56" count="1452" type="stmt"/>
        <line num="60" count="1452" type="stmt"/>
        <line num="67" count="2" type="stmt"/>
        <line num="68" count="151" type="cond" truecount="4" falsecount="0"/>
        <line num="80" count="17" type="stmt"/>
        <line num="82" count="17" type="cond" truecount="2" falsecount="0"/>
        <line num="83" count="6" type="stmt"/>
        <line num="87" count="27" type="stmt"/>
        <line num="92" count="11" type="cond" truecount="1" falsecount="1"/>
        <line num="93" count="11" type="stmt"/>
        <line num="108" count="0" type="stmt"/>
        <line num="111" count="2" type="stmt"/>
        <line num="112" count="6481" type="stmt"/>
        <line num="114" count="6481" type="cond" truecount="2" falsecount="0"/>
        <line num="116" count="6480" type="cond" truecount="2" falsecount="0"/>
        <line num="117" count="2" type="stmt"/>
        <line num="124" count="6478" type="cond" truecount="2" falsecount="0"/>
        <line num="125" count="2" type="stmt"/>
        <line num="128" count="6476" type="cond" truecount="2" falsecount="0"/>
        <line num="129" count="3993" type="stmt"/>
        <line num="132" count="2483" type="cond" truecount="2" falsecount="0"/>
        <line num="133" count="151" type="stmt"/>
        <line num="137" count="2332" type="cond" truecount="2" falsecount="0"/>
        <line num="138" count="903" type="stmt"/>
        <line num="141" count="2332" type="cond" truecount="2" falsecount="0"/>
        <line num="142" count="34" type="stmt"/>
        <line num="145" count="2298" type="cond" truecount="2" falsecount="0"/>
        <line num="146" count="64" type="stmt"/>
        <line num="149" count="2234" type="cond" truecount="1" falsecount="1"/>
        <line num="150" count="0" type="stmt"/>
        <line num="153" count="2234" type="cond" truecount="1" falsecount="1"/>
        <line num="154" count="0" type="stmt"/>
        <line num="157" count="2234" type="cond" truecount="2" falsecount="0"/>
        <line num="158" count="78" type="stmt"/>
        <line num="161" count="2156" type="cond" truecount="2" falsecount="0"/>
        <line num="162" count="1" type="stmt"/>
        <line num="165" count="3" type="stmt"/>
        <line num="171" count="2155" type="cond" truecount="2" falsecount="0"/>
        <line num="172" count="1530" type="stmt"/>
        <line num="173" count="1530" type="cond" truecount="2" falsecount="0"/>
        <line num="174" count="1452" type="stmt"/>
        <line num="176" count="78" type="cond" truecount="2" falsecount="0"/>
        <line num="177" count="77" type="stmt"/>
        <line num="179" count="77" type="cond" truecount="4" falsecount="2"/>
        <line num="181" count="0" type="cond" truecount="0" falsecount="4"/>
        <line num="184" count="0" type="stmt"/>
        <line num="194" count="0" type="stmt"/>
        <line num="202" count="625" type="cond" truecount="1" falsecount="1"/>
        <line num="203" count="625" type="cond" truecount="2" falsecount="0"/>
        <line num="209" count="448" type="stmt"/>
        <line num="215" count="177" type="stmt"/>
        <line num="221" count="78" type="stmt"/>
      </file>
    </package>
    <package name="components.WikiApp.Menu">
      <metrics statements="2" coveredstatements="2" conditionals="0" coveredconditionals="0" methods="1" coveredmethods="1"/>
      <file name="index.js" path="/Users/hoangnam/Dev/Templates/ReactJS/src/components/WikiApp/Menu/index.js">
        <metrics statements="2" coveredstatements="2" conditionals="0" coveredconditionals="0" methods="1" coveredmethods="1"/>
        <line num="6" count="3" type="stmt"/>
        <line num="17" count="13" type="stmt"/>
      </file>
    </package>
    <package name="components.WikiApp.Navigation">
      <metrics statements="19" coveredstatements="5" conditionals="4" coveredconditionals="1" methods="7" coveredmethods="1"/>
      <file name="index.js" path="/Users/hoangnam/Dev/Templates/ReactJS/src/components/WikiApp/Navigation/index.js">
        <metrics statements="19" coveredstatements="5" conditionals="4" coveredconditionals="1" methods="7" coveredmethods="1"/>
        <line num="6" count="2" type="stmt"/>
        <line num="7" count="12" type="stmt"/>
        <line num="9" count="12" type="stmt"/>
        <line num="10" count="0" type="stmt"/>
        <line num="11" count="0" type="stmt"/>
        <line num="12" count="0" type="stmt"/>
        <line num="13" count="0" type="stmt"/>
        <line num="14" count="0" type="stmt"/>
        <line num="16" count="0" type="stmt"/>
        <line num="17" count="0" type="stmt"/>
        <line num="23" count="12" type="stmt"/>
        <line num="24" count="0" type="stmt"/>
        <line num="25" count="0" type="stmt"/>
        <line num="26" count="0" type="stmt"/>
        <line num="30" count="12" type="stmt"/>
        <line num="34" count="0" type="stmt"/>
        <line num="42" count="0" type="stmt"/>
        <line num="43" count="0" type="stmt"/>
        <line num="50" count="0" type="stmt"/>
      </file>
    </package>
    <package name="components.WikiApp.Tooltip">
      <metrics statements="23" coveredstatements="11" conditionals="11" coveredconditionals="3" methods="8" coveredmethods="2"/>
      <file name="index.js" path="/Users/hoangnam/Dev/Templates/ReactJS/src/components/WikiApp/Tooltip/index.js">
        <metrics statements="23" coveredstatements="11" conditionals="11" coveredconditionals="3" methods="8" coveredmethods="2"/>
        <line num="6" count="3" type="cond" truecount="0" falsecount="1"/>
        <line num="7" count="0" type="stmt"/>
        <line num="8" count="0" type="stmt"/>
        <line num="9" count="0" type="stmt"/>
        <line num="10" count="0" type="stmt"/>
        <line num="11" count="0" type="stmt"/>
        <line num="12" count="0" type="stmt"/>
        <line num="15" count="3" type="stmt"/>
        <line num="16" count="1458" type="stmt"/>
        <line num="17" count="1458" type="stmt"/>
        <line num="18" count="1458" type="stmt"/>
        <line num="19" count="1458" type="stmt"/>
        <line num="20" count="1458" type="stmt"/>
        <line num="21" count="1458" type="stmt"/>
        <line num="23" count="1458" type="stmt"/>
        <line num="24" count="1457" type="cond" truecount="2" falsecount="2"/>
        <line num="25" count="0" type="stmt"/>
        <line num="26" count="0" type="stmt"/>
        <line num="28" count="0" type="stmt"/>
        <line num="29" count="0" type="stmt"/>
        <line num="30" count="0" type="cond" truecount="0" falsecount="2"/>
        <line num="32" count="0" type="stmt"/>
        <line num="36" count="1458" type="stmt"/>
      </file>
    </package>
    <package name="hooks">
      <metrics statements="32" coveredstatements="27" conditionals="1" coveredconditionals="1" methods="7" coveredmethods="7"/>
      <file name="useFetch.js" path="/Users/hoangnam/Dev/Templates/ReactJS/src/hooks/useFetch.js">
        <metrics statements="15" coveredstatements="12" conditionals="1" coveredconditionals="1" methods="3" coveredmethods="3"/>
        <line num="3" count="2" type="cond" truecount="1" falsecount="0"/>
        <line num="4" count="24" type="stmt"/>
        <line num="5" count="24" type="stmt"/>
        <line num="6" count="24" type="stmt"/>
        <line num="8" count="24" type="stmt"/>
        <line num="9" count="12" type="stmt"/>
        <line num="10" count="12" type="stmt"/>
        <line num="11" count="12" type="stmt"/>
        <line num="12" count="12" type="stmt"/>
        <line num="13" count="0" type="stmt"/>
        <line num="14" count="0" type="stmt"/>
        <line num="15" count="0" type="stmt"/>
        <line num="17" count="12" type="stmt"/>
        <line num="20" count="12" type="stmt"/>
        <line num="23" count="24" type="stmt"/>
      </file>
      <file name="useWiki.js" path="/Users/hoangnam/Dev/Templates/ReactJS/src/hooks/useWiki.js">
        <metrics statements="17" coveredstatements="15" conditionals="0" coveredconditionals="0" methods="4" coveredmethods="4"/>
        <line num="10" count="2" type="stmt"/>
        <line num="11" count="12" type="stmt"/>
        <line num="12" count="12" type="stmt"/>
        <line num="13" count="12" type="stmt"/>
        <line num="14" count="6" type="stmt"/>
        <line num="16" count="12" type="stmt"/>
        <line num="19" count="2" type="stmt"/>
        <line num="20" count="12" type="stmt"/>
        <line num="21" count="12" type="stmt"/>
        <line num="22" count="12" type="stmt"/>
        <line num="23" count="6" type="stmt"/>
        <line num="24" count="6" type="stmt"/>
        <line num="26" count="6" type="stmt"/>
        <line num="27" count="0" type="stmt"/>
        <line num="28" count="0" type="stmt"/>
        <line num="30" count="6" type="stmt"/>
        <line num="32" count="12" type="stmt"/>
      </file>
    </package>
    <package name="wiki_parser">
      <metrics statements="367" coveredstatements="357" conditionals="200" coveredconditionals="183" methods="22" coveredmethods="22"/>
      <file name="index.js" path="/Users/hoangnam/Dev/Templates/ReactJS/src/wiki_parser/index.js">
        <metrics statements="366" coveredstatements="356" conditionals="200" coveredconditionals="183" methods="22" coveredmethods="22"/>
        <line num="4" count="4" type="stmt"/>
        <line num="5" count="4" type="stmt"/>
        <line num="7" count="740" type="stmt"/>
        <line num="9" count="7535159" type="cond" truecount="2" falsecount="0"/>
        <line num="11" count="4" type="stmt"/>
        <line num="12" count="4697" type="stmt"/>
        <line num="14" count="4" type="stmt"/>
        <line num="15" count="4477" type="stmt"/>
        <line num="17" count="4" type="stmt"/>
        <line num="18" count="3056" type="cond" truecount="5" falsecount="0"/>
        <line num="22" count="4" type="stmt"/>
        <line num="23" count="11347" type="stmt"/>
        <line num="24" count="11347" type="stmt"/>
        <line num="25" count="63710" type="stmt"/>
        <line num="26" count="63710" type="cond" truecount="2" falsecount="0"/>
        <line num="32" count="24936" type="stmt"/>
        <line num="33" count="38774" type="stmt"/>
        <line num="35" count="11347" type="stmt"/>
        <line num="38" count="4" type="stmt"/>
        <line num="39" count="2126" type="stmt"/>
        <line num="41" count="2126" type="stmt"/>
        <line num="42" count="2126" type="stmt"/>
        <line num="44" count="2126" type="stmt"/>
        <line num="45" count="13396" type="stmt"/>
        <line num="46" count="13396" type="stmt"/>
        <line num="50" count="13396" type="stmt"/>
        <line num="52" count="2126" type="stmt"/>
        <line num="55" count="4" type="stmt"/>
        <line num="56" count="142" type="stmt"/>
        <line num="57" count="32" type="stmt"/>
        <line num="58" count="32" type="stmt"/>
        <line num="59" count="32" type="stmt"/>
        <line num="62" count="170" type="stmt"/>
        <line num="63" count="170" type="cond" truecount="2" falsecount="0"/>
        <line num="66" count="14" type="stmt"/>
        <line num="68" count="18" type="stmt"/>
        <line num="71" count="142" type="stmt"/>
        <line num="72" count="142" type="cond" truecount="2" falsecount="0"/>
        <line num="73" count="102" type="stmt"/>
        <line num="74" count="102" type="stmt"/>
        <line num="75" count="5698" type="cond" truecount="2" falsecount="0"/>
        <line num="80" count="76" type="stmt"/>
        <line num="82" count="26" type="stmt"/>
        <line num="85" count="142" type="stmt"/>
        <line num="86" count="142" type="stmt"/>
        <line num="88" count="142" type="stmt"/>
        <line num="89" count="142" type="stmt"/>
        <line num="91" count="142" type="stmt"/>
        <line num="93" count="142" type="stmt"/>
        <line num="95" count="142" type="stmt"/>
        <line num="97" count="142" type="cond" truecount="2" falsecount="0"/>
        <line num="98" count="8" type="stmt"/>
        <line num="99" count="8" type="stmt"/>
        <line num="100" count="8" type="stmt"/>
        <line num="101" count="134" type="cond" truecount="2" falsecount="0"/>
        <line num="102" count="32" type="stmt"/>
        <line num="103" count="32" type="stmt"/>
        <line num="104" count="32" type="stmt"/>
        <line num="106" count="102" type="cond" truecount="4" falsecount="0"/>
        <line num="107" count="70" type="stmt"/>
        <line num="110" count="102" type="cond" truecount="2" falsecount="0"/>
        <line num="111" count="102" type="cond" truecount="5" falsecount="0"/>
        <line num="112" count="88" type="stmt"/>
        <line num="113" count="88" type="stmt"/>
        <line num="117" count="12" type="stmt"/>
        <line num="125" count="130" type="cond" truecount="2" falsecount="0"/>
        <line num="126" count="130" type="cond" truecount="5" falsecount="0"/>
        <line num="127" count="112" type="stmt"/>
        <line num="133" count="18" type="stmt"/>
        <line num="139" count="4" type="stmt"/>
        <line num="144" count="1422" type="stmt"/>
        <line num="147" count="1422" type="stmt"/>
        <line num="148" count="1422" type="cond" truecount="1" falsecount="1"/>
        <line num="149" count="0" type="stmt"/>
        <line num="151" count="1422" type="stmt"/>
        <line num="154" count="1422" type="stmt"/>
        <line num="155" count="1422" type="cond" truecount="1" falsecount="1"/>
        <line num="156" count="0" type="stmt"/>
        <line num="157" count="0" type="stmt"/>
        <line num="161" count="1422" type="stmt"/>
        <line num="162" count="1422" type="cond" truecount="2" falsecount="0"/>
        <line num="163" count="591" type="stmt"/>
        <line num="164" count="591" type="stmt"/>
        <line num="168" count="1422" type="cond" truecount="2" falsecount="0"/>
        <line num="169" count="194" type="stmt"/>
        <line num="173" count="1228" type="stmt"/>
        <line num="174" count="1228" type="cond" truecount="1" falsecount="1"/>
        <line num="175" count="0" type="stmt"/>
        <line num="178" count="1228" type="stmt"/>
        <line num="179" count="1228" type="stmt"/>
        <line num="180" count="1228" type="stmt"/>
        <line num="182" count="1228" type="stmt"/>
        <line num="185" count="4" type="stmt"/>
        <line num="192" count="3" type="stmt"/>
        <line num="195" count="3" type="stmt"/>
        <line num="196" count="3" type="cond" truecount="1" falsecount="1"/>
        <line num="197" count="3" type="stmt"/>
        <line num="200" count="3" type="stmt"/>
        <line num="201" count="3" type="cond" truecount="1" falsecount="1"/>
        <line num="202" count="0" type="stmt"/>
        <line num="206" count="3" type="stmt"/>
        <line num="207" count="3" type="cond" truecount="2" falsecount="0"/>
        <line num="208" count="2" type="stmt"/>
        <line num="212" count="3" type="cond" truecount="2" falsecount="0"/>
        <line num="215" count="3" type="stmt"/>
        <line num="218" count="4" type="stmt"/>
        <line num="219" count="3" type="stmt"/>
        <line num="223" count="3" type="stmt"/>
        <line num="224" count="3" type="cond" truecount="1" falsecount="1"/>
        <line num="226" count="3" type="stmt"/>
        <line num="228" count="3" type="stmt"/>
        <line num="230" count="3" type="stmt"/>
        <line num="231" count="9" type="stmt"/>
        <line num="232" count="9" type="stmt"/>
        <line num="235" count="3" type="stmt"/>
        <line num="236" count="3" type="stmt"/>
        <line num="237" count="15" type="cond" truecount="2" falsecount="0"/>
        <line num="238" count="9" type="stmt"/>
        <line num="239" count="9" type="stmt"/>
        <line num="241" count="3" type="stmt"/>
        <line num="244" count="4" type="stmt"/>
        <line num="245" count="28" type="stmt"/>
        <line num="246" count="28" type="stmt"/>
        <line num="252" count="28" type="stmt"/>
        <line num="254" count="28" type="stmt"/>
        <line num="255" count="606" type="cond" truecount="1" falsecount="1"/>
        <line num="256" count="0" type="stmt"/>
        <line num="257" count="606" type="stmt"/>
        <line num="259" count="606" type="stmt"/>
        <line num="260" count="606" type="stmt"/>
        <line num="262" count="606" type="stmt"/>
        <line num="263" count="606" type="stmt"/>
        <line num="264" count="606" type="cond" truecount="1" falsecount="1"/>
        <line num="265" count="606" type="stmt"/>
        <line num="266" count="606" type="cond" truecount="2" falsecount="0"/>
        <line num="269" count="28" type="stmt"/>
        <line num="272" count="4" type="stmt"/>
        <line num="273" count="19" type="stmt"/>
        <line num="275" count="19" type="stmt"/>
        <line num="276" count="19" type="stmt"/>
        <line num="277" count="19" type="stmt"/>
        <line num="279" count="19" type="cond" truecount="1" falsecount="1"/>
        <line num="281" count="19" type="stmt"/>
        <line num="283" count="19" type="stmt"/>
        <line num="285" count="19" type="stmt"/>
        <line num="287" count="19" type="stmt"/>
        <line num="288" count="321" type="stmt"/>
        <line num="289" count="321" type="cond" truecount="2" falsecount="0"/>
        <line num="290" count="69" type="stmt"/>
        <line num="291" count="69" type="stmt"/>
        <line num="294" count="252" type="stmt"/>
        <line num="295" count="252" type="stmt"/>
        <line num="296" count="252" type="cond" truecount="2" falsecount="0"/>
        <line num="297" count="252" type="cond" truecount="2" falsecount="0"/>
        <line num="298" count="108" type="stmt"/>
        <line num="299" count="144" type="cond" truecount="2" falsecount="0"/>
        <line num="300" count="24" type="stmt"/>
        <line num="301" count="120" type="stmt"/>
        <line num="304" count="108" type="stmt"/>
        <line num="313" count="19" type="stmt"/>
        <line num="316" count="4" type="stmt"/>
        <line num="317" count="3" type="stmt"/>
        <line num="318" count="3" type="stmt"/>
        <line num="321" count="3" type="stmt"/>
        <line num="322" count="3" type="cond" truecount="1" falsecount="1"/>
        <line num="324" count="3" type="stmt"/>
        <line num="325" count="3" type="stmt"/>
        <line num="327" count="3" type="stmt"/>
        <line num="331" count="9" type="stmt"/>
        <line num="342" count="9" type="stmt"/>
        <line num="345" count="3" type="stmt"/>
        <line num="348" count="4" type="stmt"/>
        <line num="349" count="11342" type="cond" truecount="2" falsecount="0"/>
        <line num="350" count="1422" type="stmt"/>
        <line num="353" count="9920" type="cond" truecount="2" falsecount="0"/>
        <line num="355" count="9917" type="cond" truecount="2" falsecount="0"/>
        <line num="356" count="146" type="stmt"/>
        <line num="358" count="146" type="cond" truecount="1" falsecount="1"/>
        <line num="359" count="146" type="stmt"/>
        <line num="360" count="146" type="stmt"/>
        <line num="362" count="0" type="stmt"/>
        <line num="366" count="9771" type="cond" truecount="2" falsecount="0"/>
        <line num="367" count="2706" type="cond" truecount="2" falsecount="0"/>
        <line num="368" count="2126" type="stmt"/>
        <line num="369" count="580" type="cond" truecount="2" falsecount="0"/>
        <line num="370" count="3" type="stmt"/>
        <line num="371" count="577" type="cond" truecount="2" falsecount="0"/>
        <line num="372" count="2" type="stmt"/>
        <line num="373" count="2" type="stmt"/>
        <line num="382" count="575" type="cond" truecount="1" falsecount="1"/>
        <line num="383" count="0" type="stmt"/>
        <line num="384" count="0" type="stmt"/>
        <line num="388" count="575" type="cond" truecount="2" falsecount="0"/>
        <line num="389" count="142" type="stmt"/>
        <line num="390" count="433" type="cond" truecount="2" falsecount="0"/>
        <line num="391" count="19" type="stmt"/>
        <line num="392" count="414" type="cond" truecount="2" falsecount="0"/>
        <line num="393" count="3" type="stmt"/>
        <line num="396" count="411" type="stmt"/>
        <line num="403" count="7065" type="cond" truecount="2" falsecount="0"/>
        <line num="420" count="4586" type="stmt"/>
        <line num="421" count="4586" type="cond" truecount="2" falsecount="0"/>
        <line num="422" count="4477" type="stmt"/>
        <line num="423" count="4477" type="stmt"/>
        <line num="424" count="4477" type="cond" truecount="2" falsecount="0"/>
        <line num="425" count="4477" type="stmt"/>
        <line num="426" count="4477" type="cond" truecount="2" falsecount="0"/>
        <line num="464" count="4477" type="stmt"/>
        <line num="468" count="4477" type="cond" truecount="1" falsecount="1"/>
        <line num="470" count="0" type="stmt"/>
        <line num="472" count="4477" type="cond" truecount="2" falsecount="0"/>
        <line num="473" count="4477" type="cond" truecount="3" falsecount="0"/>
        <line num="474" count="4477" type="cond" truecount="3" falsecount="0"/>
        <line num="476" count="4477" type="cond" truecount="2" falsecount="0"/>
        <line num="477" count="4471" type="stmt"/>
        <line num="478" count="4471" type="stmt"/>
        <line num="479" count="4471" type="cond" truecount="4" falsecount="0"/>
        <line num="481" count="4471" type="cond" truecount="2" falsecount="0"/>
        <line num="482" count="178" type="stmt"/>
        <line num="485" count="4471" type="stmt"/>
        <line num="486" count="4471" type="stmt"/>
        <line num="498" count="115" type="stmt"/>
        <line num="499" count="115" type="stmt"/>
        <line num="500" count="115" type="stmt"/>
        <line num="501" count="115" type="cond" truecount="2" falsecount="0"/>
        <line num="502" count="113" type="stmt"/>
        <line num="503" count="113" type="stmt"/>
        <line num="504" count="113" type="stmt"/>
        <line num="505" count="113" type="stmt"/>
        <line num="506" count="113" type="stmt"/>
        <line num="507" count="113" type="stmt"/>
        <line num="508" count="113" type="stmt"/>
        <line num="509" count="113" type="stmt"/>
        <line num="510" count="113" type="stmt"/>
        <line num="512" count="113" type="stmt"/>
        <line num="514" count="598" type="cond" truecount="2" falsecount="0"/>
        <line num="515" count="391" type="stmt"/>
        <line num="516" count="391" type="stmt"/>
        <line num="520" count="207" type="cond" truecount="2" falsecount="0"/>
        <line num="521" count="51" type="stmt"/>
        <line num="522" count="156" type="stmt"/>
        <line num="525" count="113" type="stmt"/>
        <line num="526" count="113" type="stmt"/>
        <line num="529" count="2481" type="stmt"/>
        <line num="532" count="4" type="stmt"/>
        <line num="538" count="4" type="stmt"/>
        <line num="545" count="4" type="stmt"/>
        <line num="551" count="4" type="stmt"/>
        <line num="557" count="4" type="stmt"/>
        <line num="563" count="4" type="stmt"/>
        <line num="569" count="4" type="stmt"/>
        <line num="575" count="4" type="stmt"/>
        <line num="581" count="4" type="stmt"/>
        <line num="587" count="4" type="stmt"/>
        <line num="593" count="4" type="stmt"/>
        <line num="599" count="4" type="stmt"/>
        <line num="605" count="4" type="stmt"/>
        <line num="611" count="4" type="stmt"/>
        <line num="617" count="4" type="stmt"/>
        <line num="623" count="4" type="stmt"/>
        <line num="629" count="4" type="stmt"/>
        <line num="635" count="4" type="stmt"/>
        <line num="641" count="4" type="stmt"/>
        <line num="666" count="4" type="stmt"/>
        <line num="667" count="4" type="stmt"/>
        <line num="668" count="4" type="stmt"/>
        <line num="669" count="4" type="stmt"/>
        <line num="670" count="4" type="stmt"/>
        <line num="672" count="4" type="stmt"/>
        <line num="673" count="11342" type="cond" truecount="2" falsecount="0"/>
        <line num="674" count="164" type="stmt"/>
        <line num="675" count="3" type="stmt"/>
        <line num="676" count="3" type="stmt"/>
        <line num="677" count="3" type="stmt"/>
        <line num="679" count="3" type="stmt"/>
        <line num="681" count="3" type="stmt"/>
        <line num="682" count="164" type="stmt"/>
        <line num="683" count="164" type="stmt"/>
        <line num="684" count="164" type="stmt"/>
        <line num="687" count="164" type="stmt"/>
        <line num="688" count="164" type="stmt"/>
        <line num="689" count="164" type="stmt"/>
        <line num="690" count="164" type="stmt"/>
        <line num="691" count="164" type="stmt"/>
        <line num="694" count="164" type="cond" truecount="2" falsecount="0"/>
        <line num="695" count="37" type="stmt"/>
        <line num="697" count="37" type="cond" truecount="1" falsecount="1"/>
        <line num="698" count="37" type="stmt"/>
        <line num="699" count="37" type="stmt"/>
        <line num="700" count="37" type="stmt"/>
        <line num="701" count="127" type="cond" truecount="2" falsecount="0"/>
        <line num="702" count="93" type="stmt"/>
        <line num="704" count="93" type="stmt"/>
        <line num="705" count="93" type="stmt"/>
        <line num="706" count="93" type="stmt"/>
        <line num="708" count="34" type="stmt"/>
        <line num="709" count="34" type="stmt"/>
        <line num="711" count="34" type="stmt"/>
        <line num="712" count="34" type="stmt"/>
        <line num="713" count="34" type="stmt"/>
        <line num="715" count="164" type="stmt"/>
        <line num="716" count="164" type="stmt"/>
        <line num="718" count="3" type="stmt"/>
        <line num="721" count="4" type="cond" truecount="1" falsecount="0"/>
        <line num="722" count="11342" type="stmt"/>
        <line num="724" count="11342" type="stmt"/>
        <line num="726" count="11342" type="stmt"/>
        <line num="727" count="11342" type="stmt"/>
        <line num="728" count="11342" type="stmt"/>
        <line num="729" count="11342" type="stmt"/>
        <line num="730" count="11342" type="stmt"/>
        <line num="734" count="11342" type="cond" truecount="2" falsecount="0"/>
        <line num="735" count="11342" type="stmt"/>
        <line num="736" count="11342" type="cond" truecount="2" falsecount="0"/>
        <line num="737" count="11342" type="cond" truecount="2" falsecount="0"/>
        <line num="739" count="11342" type="stmt"/>
        <line num="741" count="1118093" type="stmt"/>
        <line num="742" count="1118093" type="stmt"/>
        <line num="743" count="1118093" type="stmt"/>
        <line num="744" count="6594131" type="cond" truecount="2" falsecount="0"/>
        <line num="745" count="9346" type="stmt"/>
        <line num="746" count="9346" type="cond" truecount="2" falsecount="0"/>
        <line num="747" count="9346" type="stmt"/>
        <line num="749" count="9346" type="cond" truecount="2" falsecount="0"/>
        <line num="750" count="23" type="stmt"/>
        <line num="751" count="23" type="stmt"/>
        <line num="752" count="23" type="stmt"/>
        <line num="753" count="23" type="stmt"/>
        <line num="756" count="9323" type="stmt"/>
        <line num="757" count="9323" type="stmt"/>
        <line num="758" count="9323" type="stmt"/>
        <line num="760" count="9323" type="cond" truecount="2" falsecount="0"/>
        <line num="761" count="1422" type="stmt"/>
        <line num="763" count="9323" type="cond" truecount="2" falsecount="0"/>
        <line num="764" count="164" type="stmt"/>
        <line num="767" count="9323" type="cond" truecount="2" falsecount="0"/>
        <line num="772" count="113" type="stmt"/>
        <line num="775" count="9323" type="cond" truecount="2" falsecount="0"/>
        <line num="776" count="3" type="stmt"/>
        <line num="779" count="9323" type="stmt"/>
        <line num="782" count="1118093" type="cond" truecount="2" falsecount="0"/>
        <line num="784" count="1118070" type="cond" truecount="2" falsecount="0"/>
        <line num="785" count="1108747" type="cond" truecount="2" falsecount="0"/>
        <line num="786" count="882950" type="stmt"/>
        <line num="787" count="882950" type="stmt"/>
        <line num="788" count="936274" type="cond" truecount="2" falsecount="0"/>
        <line num="789" count="9901" type="stmt"/>
        <line num="790" count="9901" type="stmt"/>
        <line num="791" count="9901" type="stmt"/>
        <line num="793" count="9901" type="cond" truecount="2" falsecount="0"/>
        <line num="794" count="4586" type="stmt"/>
        <line num="795" count="4754" type="stmt"/>
        <line num="796" count="4754" type="cond" truecount="2" falsecount="0"/>
        <line num="797" count="3" type="stmt"/>
        <line num="798" count="3" type="stmt"/>
        <line num="799" count="4751" type="cond" truecount="2" falsecount="0"/>
        <line num="800" count="210" type="stmt"/>
        <line num="801" count="4541" type="stmt"/>
        <line num="806" count="882950" type="cond" truecount="2" falsecount="0"/>
        <line num="809" count="1098846" type="cond" truecount="1" falsecount="1"/>
        <line num="810" count="1098846" type="stmt"/>
        <line num="811" count="1098846" type="stmt"/>
        <line num="816" count="11342" type="cond" truecount="2" falsecount="0"/>
        <line num="819" count="11342" type="stmt"/>
        <line num="833" count="11342" type="stmt"/>
        <line num="836" count="1422" type="cond" truecount="2" falsecount="0"/>
      </file>
      <file name="test_input.js" path="/Users/hoangnam/Dev/Templates/ReactJS/src/wiki_parser/test_input.js">
        <metrics statements="1" coveredstatements="1" conditionals="0" coveredconditionals="0" methods="0" coveredmethods="0"/>
        <line num="1" count="2" type="stmt"/>
      </file>
    </package>
  </project>
</coverage>
