{"/Users/hoangnam/Dev/Templates/ReactJS/src/WikiWrapper/index.js": {"path":"/Users/hoangnam/Dev/Templates/ReactJS/src/WikiWrapper/index.js","statementMap":{"0":{"start":{"line":3,"column":22},"end":{"line":3,"column":72}},"1":{"start":{"line":3,"column":34},"end":{"line":3,"column":72}},"2":{"start":{"line":5,"column":17},"end":{"line":7,"column":65}},"3":{"start":{"line":6,"column":2},"end":{"line":7,"column":65}},"4":{"start":{"line":9,"column":26},"end":{"line":13,"column":2}},"5":{"start":{"line":9,"column":36},"end":{"line":13,"column":1}},"6":{"start":{"line":15,"column":20},"end":{"line":22,"column":2}},"7":{"start":{"line":15,"column":45},"end":{"line":22,"column":1}},"8":{"start":{"line":24,"column":22},"end":{"line":33,"column":2}},"9":{"start":{"line":24,"column":32},"end":{"line":33,"column":1}}},"fnMap":{"0":{"name":"(anonymous_0)","decl":{"start":{"line":3,"column":22},"end":{"line":3,"column":23}},"loc":{"start":{"line":3,"column":34},"end":{"line":3,"column":72}},"line":3},"1":{"name":"(anonymous_1)","decl":{"start":{"line":5,"column":17},"end":{"line":5,"column":18}},"loc":{"start":{"line":6,"column":2},"end":{"line":7,"column":65}},"line":6},"2":{"name":"(anonymous_2)","decl":{"start":{"line":9,"column":26},"end":{"line":9,"column":27}},"loc":{"start":{"line":9,"column":36},"end":{"line":13,"column":1}},"line":9},"3":{"name":"(anonymous_3)","decl":{"start":{"line":15,"column":20},"end":{"line":15,"column":21}},"loc":{"start":{"line":15,"column":45},"end":{"line":22,"column":1}},"line":15},"4":{"name":"(anonymous_4)","decl":{"start":{"line":24,"column":22},"end":{"line":24,"column":23}},"loc":{"start":{"line":24,"column":32},"end":{"line":33,"column":1}},"line":24}},"branchMap":{"0":{"loc":{"start":{"line":15,"column":28},"end":{"line":15,"column":39}},"type":"default-arg","locations":[{"start":{"line":15,"column":36},"end":{"line":15,"column":39}}],"line":15}},"s":{"0":3,"1":6,"2":3,"3":24,"4":3,"5":12,"6":3,"7":12,"8":3,"9":0},"f":{"0":6,"1":24,"2":12,"3":12,"4":0},"b":{"0":[12]},"_coverageSchema":"1a1c01bbd47fc00a2c39e90264f33305004495a9","hash":"42d6e8ef494e4aad3505d77e97112dbaa3e8280a"}
,"/Users/hoangnam/Dev/Templates/ReactJS/src/components/WikiApp/Article/index.js": {"path":"/Users/hoangnam/Dev/Templates/ReactJS/src/components/WikiApp/Article/index.js","statementMap":{"0":{"start":{"line":12,"column":29},"end":{"line":12,"column":54}},"1":{"start":{"line":23,"column":16},"end":{"line":49,"column":1}},"2":{"start":{"line":24,"column":2},"end":{"line":24,"column":30}},"3":{"start":{"line":25,"column":22},"end":{"line":25,"column":43}},"4":{"start":{"line":26,"column":17},"end":{"line":26,"column":33}},"5":{"start":{"line":28,"column":2},"end":{"line":48,"column":4}}},"fnMap":{"0":{"name":"(anonymous_0)","decl":{"start":{"line":23,"column":16},"end":{"line":23,"column":17}},"loc":{"start":{"line":23,"column":31},"end":{"line":49,"column":1}},"line":23}},"branchMap":{"0":{"loc":{"start":{"line":24,"column":10},"end":{"line":24,"column":29}},"type":"binary-expr","locations":[{"start":{"line":24,"column":10},"end":{"line":24,"column":15}},{"start":{"line":24,"column":19},"end":{"line":24,"column":29}}],"line":24}},"s":{"0":2,"1":2,"2":12,"3":12,"4":12,"5":12},"f":{"0":12},"b":{"0":[12,0]},"_coverageSchema":"1a1c01bbd47fc00a2c39e90264f33305004495a9","hash":"20957531b0acef5bd2c4bbe0109512b0fc4293e3"}
,"/Users/hoangnam/Dev/Templates/ReactJS/src/components/WikiApp/Content/index.js": {"path":"/Users/hoangnam/Dev/Templates/ReactJS/src/components/WikiApp/Content/index.js","statementMap":{"0":{"start":{"line":4,"column":16},"end":{"line":14,"column":1}},"1":{"start":{"line":5,"column":2},"end":{"line":5,"column":36}},"2":{"start":{"line":5,"column":16},"end":{"line":5,"column":36}},"3":{"start":{"line":7,"column":2},"end":{"line":13,"column":4}},"4":{"start":{"line":10,"column":8},"end":{"line":10,"column":63}}},"fnMap":{"0":{"name":"(anonymous_0)","decl":{"start":{"line":4,"column":16},"end":{"line":4,"column":17}},"loc":{"start":{"line":4,"column":41},"end":{"line":14,"column":1}},"line":4},"1":{"name":"(anonymous_1)","decl":{"start":{"line":9,"column":19},"end":{"line":9,"column":20}},"loc":{"start":{"line":10,"column":8},"end":{"line":10,"column":63}},"line":10}},"branchMap":{"0":{"loc":{"start":{"line":5,"column":2},"end":{"line":5,"column":36}},"type":"if","locations":[{"start":{"line":5,"column":2},"end":{"line":5,"column":36}},{"start":{"line":5,"column":2},"end":{"line":5,"column":36}}],"line":5}},"s":{"0":2,"1":12,"2":12,"3":0,"4":0},"f":{"0":12,"1":0},"b":{"0":[12,0]},"_coverageSchema":"1a1c01bbd47fc00a2c39e90264f33305004495a9","hash":"1be7842e0d61dbc6f60a3d432c44e63c9f88f1a6"}
,"/Users/hoangnam/Dev/Templates/ReactJS/src/components/WikiApp/Elements/index.js": {"path":"/Users/hoangnam/Dev/Templates/ReactJS/src/components/WikiApp/Elements/index.js","statementMap":{"0":{"start":{"line":6,"column":20},"end":{"line":20,"column":1}},"1":{"start":{"line":7,"column":34},"end":{"line":7,"column":46}},"2":{"start":{"line":8,"column":2},"end":{"line":18,"column":9}},"3":{"start":{"line":9,"column":21},"end":{"line":9,"column":39}},"4":{"start":{"line":10,"column":12},"end":{"line":10,"column":14}},"5":{"start":{"line":11,"column":4},"end":{"line":16,"column":5}},"6":{"start":{"line":11,"column":17},"end":{"line":11,"column":18}},"7":{"start":{"line":12,"column":6},"end":{"line":12,"column":58}},"8":{"start":{"line":13,"column":6},"end":{"line":15,"column":7}},"9":{"start":{"line":14,"column":8},"end":{"line":14,"column":33}},"10":{"start":{"line":17,"column":4},"end":{"line":17,"column":22}},"11":{"start":{"line":19,"column":2},"end":{"line":19,"column":42}},"12":{"start":{"line":22,"column":16},"end":{"line":53,"column":1}},"13":{"start":{"line":23,"column":18},"end":{"line":23,"column":32}},"14":{"start":{"line":48,"column":2},"end":{"line":52,"column":4}},"15":{"start":{"line":55,"column":17},"end":{"line":65,"column":1}},"16":{"start":{"line":56,"column":2},"end":{"line":64,"column":4}},"17":{"start":{"line":60,"column":10},"end":{"line":60,"column":47}},"18":{"start":{"line":67,"column":24},"end":{"line":109,"column":1}},"19":{"start":{"line":68,"column":2},"end":{"line":68,"column":64}},"20":{"start":{"line":68,"column":54},"end":{"line":68,"column":64}},"21":{"start":{"line":80,"column":22},"end":{"line":80,"column":27}},"22":{"start":{"line":82,"column":2},"end":{"line":91,"column":3}},"23":{"start":{"line":83,"column":4},"end":{"line":90,"column":6}},"24":{"start":{"line":87,"column":12},"end":{"line":87,"column":49}},"25":{"start":{"line":92,"column":2},"end":{"line":106,"column":6}},"26":{"start":{"line":93,"column":4},"end":{"line":106,"column":6}},"27":{"start":{"line":108,"column":2},"end":{"line":108,"column":50}},"28":{"start":{"line":111,"column":23},"end":{"line":222,"column":1}},"29":{"start":{"line":112,"column":34},"end":{"line":112,"column":39}},"30":{"start":{"line":114,"column":2},"end":{"line":114,"column":42}},"31":{"start":{"line":114,"column":32},"end":{"line":114,"column":42}},"32":{"start":{"line":116,"column":2},"end":{"line":122,"column":3}},"33":{"start":{"line":117,"column":4},"end":{"line":121,"column":6}},"34":{"start":{"line":124,"column":2},"end":{"line":126,"column":3}},"35":{"start":{"line":125,"column":4},"end":{"line":125,"column":18}},"36":{"start":{"line":128,"column":2},"end":{"line":130,"column":3}},"37":{"start":{"line":129,"column":4},"end":{"line":129,"column":38}},"38":{"start":{"line":132,"column":2},"end":{"line":134,"column":3}},"39":{"start":{"line":133,"column":4},"end":{"line":133,"column":39}},"40":{"start":{"line":137,"column":2},"end":{"line":139,"column":3}},"41":{"start":{"line":138,"column":4},"end":{"line":138,"column":75}},"42":{"start":{"line":138,"column":44},"end":{"line":138,"column":73}},"43":{"start":{"line":141,"column":2},"end":{"line":143,"column":3}},"44":{"start":{"line":142,"column":4},"end":{"line":142,"column":63}},"45":{"start":{"line":145,"column":2},"end":{"line":147,"column":3}},"46":{"start":{"line":146,"column":4},"end":{"line":146,"column":65}},"47":{"start":{"line":149,"column":2},"end":{"line":151,"column":3}},"48":{"start":{"line":150,"column":4},"end":{"line":150,"column":75}},"49":{"start":{"line":153,"column":2},"end":{"line":155,"column":3}},"50":{"start":{"line":154,"column":4},"end":{"line":154,"column":53}},"51":{"start":{"line":157,"column":2},"end":{"line":159,"column":3}},"52":{"start":{"line":158,"column":4},"end":{"line":158,"column":34}},"53":{"start":{"line":161,"column":2},"end":{"line":169,"column":3}},"54":{"start":{"line":162,"column":4},"end":{"line":168,"column":6}},"55":{"start":{"line":165,"column":10},"end":{"line":165,"column":47}},"56":{"start":{"line":171,"column":2},"end":{"line":220,"column":3}},"57":{"start":{"line":172,"column":15},"end":{"line":172,"column":25}},"58":{"start":{"line":173,"column":4},"end":{"line":175,"column":5}},"59":{"start":{"line":174,"column":6},"end":{"line":174,"column":74}},"60":{"start":{"line":176,"column":4},"end":{"line":201,"column":5}},"61":{"start":{"line":177,"column":26},"end":{"line":177,"column":57}},"62":{"start":{"line":179,"column":6},"end":{"line":200,"column":7}},"63":{"start":{"line":181,"column":10},"end":{"line":183,"column":24}},"64":{"start":{"line":184,"column":8},"end":{"line":199,"column":10}},"65":{"start":{"line":194,"column":48},"end":{"line":194,"column":77}},"66":{"start":{"line":202,"column":9},"end":{"line":220,"column":3}},"67":{"start":{"line":203,"column":4},"end":{"line":214,"column":5}},"68":{"start":{"line":209,"column":6},"end":{"line":213,"column":8}},"69":{"start":{"line":215,"column":4},"end":{"line":219,"column":6}},"70":{"start":{"line":221,"column":2},"end":{"line":221,"column":31}}},"fnMap":{"0":{"name":"(anonymous_0)","decl":{"start":{"line":6,"column":20},"end":{"line":6,"column":21}},"loc":{"start":{"line":6,"column":34},"end":{"line":20,"column":1}},"line":6},"1":{"name":"(anonymous_1)","decl":{"start":{"line":8,"column":12},"end":{"line":8,"column":13}},"loc":{"start":{"line":8,"column":18},"end":{"line":18,"column":3}},"line":8},"2":{"name":"(anonymous_2)","decl":{"start":{"line":22,"column":16},"end":{"line":22,"column":17}},"loc":{"start":{"line":22,"column":45},"end":{"line":53,"column":1}},"line":22},"3":{"name":"(anonymous_3)","decl":{"start":{"line":55,"column":17},"end":{"line":55,"column":18}},"loc":{"start":{"line":55,"column":43},"end":{"line":65,"column":1}},"line":55},"4":{"name":"(anonymous_4)","decl":{"start":{"line":59,"column":25},"end":{"line":59,"column":26}},"loc":{"start":{"line":59,"column":35},"end":{"line":61,"column":9}},"line":59},"5":{"name":"(anonymous_5)","decl":{"start":{"line":67,"column":24},"end":{"line":67,"column":25}},"loc":{"start":{"line":67,"column":39},"end":{"line":109,"column":1}},"line":67},"6":{"name":"(anonymous_6)","decl":{"start":{"line":86,"column":27},"end":{"line":86,"column":28}},"loc":{"start":{"line":86,"column":37},"end":{"line":88,"column":11}},"line":86},"7":{"name":"(anonymous_7)","decl":{"start":{"line":111,"column":23},"end":{"line":111,"column":24}},"loc":{"start":{"line":111,"column":38},"end":{"line":222,"column":1}},"line":111},"8":{"name":"(anonymous_8)","decl":{"start":{"line":138,"column":34},"end":{"line":138,"column":35}},"loc":{"start":{"line":138,"column":44},"end":{"line":138,"column":73}},"line":138},"9":{"name":"(anonymous_9)","decl":{"start":{"line":164,"column":26},"end":{"line":164,"column":27}},"loc":{"start":{"line":164,"column":36},"end":{"line":166,"column":9}},"line":164},"10":{"name":"(anonymous_10)","decl":{"start":{"line":194,"column":38},"end":{"line":194,"column":39}},"loc":{"start":{"line":194,"column":48},"end":{"line":194,"column":77}},"line":194}},"branchMap":{"0":{"loc":{"start":{"line":13,"column":6},"end":{"line":15,"column":7}},"type":"if","locations":[{"start":{"line":13,"column":6},"end":{"line":15,"column":7}},{"start":{"line":13,"column":6},"end":{"line":15,"column":7}}],"line":13},"1":{"loc":{"start":{"line":68,"column":2},"end":{"line":68,"column":64}},"type":"if","locations":[{"start":{"line":68,"column":2},"end":{"line":68,"column":64}},{"start":{"line":68,"column":2},"end":{"line":68,"column":64}}],"line":68},"2":{"loc":{"start":{"line":68,"column":6},"end":{"line":68,"column":52}},"type":"binary-expr","locations":[{"start":{"line":68,"column":6},"end":{"line":68,"column":25}},{"start":{"line":68,"column":29},"end":{"line":68,"column":52}}],"line":68},"3":{"loc":{"start":{"line":82,"column":2},"end":{"line":91,"column":3}},"type":"if","locations":[{"start":{"line":82,"column":2},"end":{"line":91,"column":3}},{"start":{"line":82,"column":2},"end":{"line":91,"column":3}}],"line":82},"4":{"loc":{"start":{"line":85,"column":9},"end":{"line":88,"column":12}},"type":"binary-expr","locations":[{"start":{"line":85,"column":9},"end":{"line":85,"column":21}},{"start":{"line":86,"column":10},"end":{"line":88,"column":12}}],"line":85},"5":{"loc":{"start":{"line":92,"column":2},"end":{"line":106,"column":6}},"type":"if","locations":[{"start":{"line":92,"column":2},"end":{"line":106,"column":6}},{"start":{"line":92,"column":2},"end":{"line":106,"column":6}}],"line":92},"6":{"loc":{"start":{"line":99,"column":9},"end":{"line":101,"column":9}},"type":"binary-expr","locations":[{"start":{"line":99,"column":9},"end":{"line":99,"column":31}},{"start":{"line":99,"column":35},"end":{"line":99,"column":54}},{"start":{"line":100,"column":10},"end":{"line":100,"column":51}}],"line":99},"7":{"loc":{"start":{"line":102,"column":9},"end":{"line":104,"column":9}},"type":"binary-expr","locations":[{"start":{"line":102,"column":9},"end":{"line":102,"column":31}},{"start":{"line":102,"column":35},"end":{"line":102,"column":55}},{"start":{"line":103,"column":10},"end":{"line":103,"column":62}}],"line":102},"8":{"loc":{"start":{"line":114,"column":2},"end":{"line":114,"column":42}},"type":"if","locations":[{"start":{"line":114,"column":2},"end":{"line":114,"column":42}},{"start":{"line":114,"column":2},"end":{"line":114,"column":42}}],"line":114},"9":{"loc":{"start":{"line":116,"column":2},"end":{"line":122,"column":3}},"type":"if","locations":[{"start":{"line":116,"column":2},"end":{"line":122,"column":3}},{"start":{"line":116,"column":2},"end":{"line":122,"column":3}}],"line":116},"10":{"loc":{"start":{"line":124,"column":2},"end":{"line":126,"column":3}},"type":"if","locations":[{"start":{"line":124,"column":2},"end":{"line":126,"column":3}},{"start":{"line":124,"column":2},"end":{"line":126,"column":3}}],"line":124},"11":{"loc":{"start":{"line":128,"column":2},"end":{"line":130,"column":3}},"type":"if","locations":[{"start":{"line":128,"column":2},"end":{"line":130,"column":3}},{"start":{"line":128,"column":2},"end":{"line":130,"column":3}}],"line":128},"12":{"loc":{"start":{"line":132,"column":2},"end":{"line":134,"column":3}},"type":"if","locations":[{"start":{"line":132,"column":2},"end":{"line":134,"column":3}},{"start":{"line":132,"column":2},"end":{"line":134,"column":3}}],"line":132},"13":{"loc":{"start":{"line":137,"column":2},"end":{"line":139,"column":3}},"type":"if","locations":[{"start":{"line":137,"column":2},"end":{"line":139,"column":3}},{"start":{"line":137,"column":2},"end":{"line":139,"column":3}}],"line":137},"14":{"loc":{"start":{"line":141,"column":2},"end":{"line":143,"column":3}},"type":"if","locations":[{"start":{"line":141,"column":2},"end":{"line":143,"column":3}},{"start":{"line":141,"column":2},"end":{"line":143,"column":3}}],"line":141},"15":{"loc":{"start":{"line":145,"column":2},"end":{"line":147,"column":3}},"type":"if","locations":[{"start":{"line":145,"column":2},"end":{"line":147,"column":3}},{"start":{"line":145,"column":2},"end":{"line":147,"column":3}}],"line":145},"16":{"loc":{"start":{"line":149,"column":2},"end":{"line":151,"column":3}},"type":"if","locations":[{"start":{"line":149,"column":2},"end":{"line":151,"column":3}},{"start":{"line":149,"column":2},"end":{"line":151,"column":3}}],"line":149},"17":{"loc":{"start":{"line":153,"column":2},"end":{"line":155,"column":3}},"type":"if","locations":[{"start":{"line":153,"column":2},"end":{"line":155,"column":3}},{"start":{"line":153,"column":2},"end":{"line":155,"column":3}}],"line":153},"18":{"loc":{"start":{"line":157,"column":2},"end":{"line":159,"column":3}},"type":"if","locations":[{"start":{"line":157,"column":2},"end":{"line":159,"column":3}},{"start":{"line":157,"column":2},"end":{"line":159,"column":3}}],"line":157},"19":{"loc":{"start":{"line":161,"column":2},"end":{"line":169,"column":3}},"type":"if","locations":[{"start":{"line":161,"column":2},"end":{"line":169,"column":3}},{"start":{"line":161,"column":2},"end":{"line":169,"column":3}}],"line":161},"20":{"loc":{"start":{"line":171,"column":2},"end":{"line":220,"column":3}},"type":"if","locations":[{"start":{"line":171,"column":2},"end":{"line":220,"column":3}},{"start":{"line":171,"column":2},"end":{"line":220,"column":3}}],"line":171},"21":{"loc":{"start":{"line":173,"column":4},"end":{"line":175,"column":5}},"type":"if","locations":[{"start":{"line":173,"column":4},"end":{"line":175,"column":5}},{"start":{"line":173,"column":4},"end":{"line":175,"column":5}}],"line":173},"22":{"loc":{"start":{"line":176,"column":4},"end":{"line":201,"column":5}},"type":"if","locations":[{"start":{"line":176,"column":4},"end":{"line":201,"column":5}},{"start":{"line":176,"column":4},"end":{"line":201,"column":5}}],"line":176},"23":{"loc":{"start":{"line":179,"column":6},"end":{"line":200,"column":7}},"type":"if","locations":[{"start":{"line":179,"column":6},"end":{"line":200,"column":7}},{"start":{"line":179,"column":6},"end":{"line":200,"column":7}}],"line":179},"24":{"loc":{"start":{"line":179,"column":10},"end":{"line":179,"column":76}},"type":"binary-expr","locations":[{"start":{"line":179,"column":10},"end":{"line":179,"column":15}},{"start":{"line":179,"column":19},"end":{"line":179,"column":28}},{"start":{"line":179,"column":32},"end":{"line":179,"column":43}},{"start":{"line":179,"column":47},"end":{"line":179,"column":76}}],"line":179},"25":{"loc":{"start":{"line":181,"column":10},"end":{"line":183,"column":24}},"type":"cond-expr","locations":[{"start":{"line":182,"column":14},"end":{"line":182,"column":23}},{"start":{"line":183,"column":14},"end":{"line":183,"column":24}}],"line":181},"26":{"loc":{"start":{"line":181,"column":10},"end":{"line":181,"column":61}},"type":"binary-expr","locations":[{"start":{"line":181,"column":10},"end":{"line":181,"column":23}},{"start":{"line":181,"column":27},"end":{"line":181,"column":61}}],"line":181},"27":{"loc":{"start":{"line":193,"column":17},"end":{"line":195,"column":22}},"type":"cond-expr","locations":[{"start":{"line":194,"column":20},"end":{"line":194,"column":78}},{"start":{"line":195,"column":20},"end":{"line":195,"column":22}}],"line":193},"28":{"loc":{"start":{"line":202,"column":9},"end":{"line":220,"column":3}},"type":"if","locations":[{"start":{"line":202,"column":9},"end":{"line":220,"column":3}},{"start":{"line":202,"column":9},"end":{"line":220,"column":3}}],"line":202},"29":{"loc":{"start":{"line":203,"column":4},"end":{"line":214,"column":5}},"type":"if","locations":[{"start":{"line":203,"column":4},"end":{"line":214,"column":5}},{"start":{"line":203,"column":4},"end":{"line":214,"column":5}}],"line":203},"30":{"loc":{"start":{"line":204,"column":6},"end":{"line":207,"column":37}},"type":"binary-expr","locations":[{"start":{"line":204,"column":6},"end":{"line":204,"column":20}},{"start":{"line":205,"column":6},"end":{"line":205,"column":27}},{"start":{"line":206,"column":6},"end":{"line":206,"column":33}},{"start":{"line":207,"column":6},"end":{"line":207,"column":37}}],"line":204}},"s":{"0":2,"1":7986,"2":7986,"3":3993,"4":3993,"5":3993,"6":3993,"7":4303,"8":4303,"9":310,"10":3993,"11":7986,"12":2,"13":78,"14":78,"15":2,"16":1452,"17":1452,"18":2,"19":151,"20":134,"21":17,"22":17,"23":6,"24":27,"25":11,"26":11,"27":0,"28":2,"29":6481,"30":6481,"31":1,"32":6480,"33":2,"34":6478,"35":2,"36":6476,"37":3993,"38":2483,"39":151,"40":2332,"41":729,"42":903,"43":2332,"44":34,"45":2298,"46":64,"47":2234,"48":0,"49":2234,"50":0,"51":2234,"52":78,"53":2156,"54":1,"55":3,"56":2155,"57":1530,"58":1530,"59":1452,"60":78,"61":77,"62":77,"63":0,"64":0,"65":0,"66":625,"67":625,"68":448,"69":177,"70":78},"f":{"0":7986,"1":3993,"2":78,"3":1452,"4":1452,"5":151,"6":27,"7":6481,"8":903,"9":3,"10":0},"b":{"0":[310,3993],"1":[134,17],"2":[151,18],"3":[6,11],"4":[6,6],"5":[11,0],"6":[11,1,0],"7":[11,1,0],"8":[1,6480],"9":[2,6478],"10":[2,6476],"11":[3993,2483],"12":[151,2332],"13":[729,1603],"14":[34,2298],"15":[64,2234],"16":[0,2234],"17":[0,2234],"18":[78,2156],"19":[1,2155],"20":[1530,625],"21":[1452,78],"22":[77,1],"23":[0,77],"24":[77,77,77,0],"25":[0,0],"26":[0,0],"27":[0,0],"28":[625,0],"29":[448,177],"30":[625,552,552,474]},"_coverageSchema":"1a1c01bbd47fc00a2c39e90264f33305004495a9","hash":"1729b7857f42a7cf774446ad46d09956ad39be96"}
,"/Users/hoangnam/Dev/Templates/ReactJS/src/components/WikiApp/Menu/index.js": {"path":"/Users/hoangnam/Dev/Templates/ReactJS/src/components/WikiApp/Menu/index.js","statementMap":{"0":{"start":{"line":6,"column":13},"end":{"line":45,"column":1}},"1":{"start":{"line":17,"column":2},"end":{"line":44,"column":4}}},"fnMap":{"0":{"name":"(anonymous_0)","decl":{"start":{"line":6,"column":13},"end":{"line":6,"column":14}},"loc":{"start":{"line":6,"column":19},"end":{"line":45,"column":1}},"line":6}},"branchMap":{},"s":{"0":3,"1":13},"f":{"0":13},"b":{},"_coverageSchema":"1a1c01bbd47fc00a2c39e90264f33305004495a9","hash":"efb1e8fbe3997c2cb669e6fc93224ce52c6b6755"}
,"/Users/hoangnam/Dev/Templates/ReactJS/src/components/WikiApp/Navigation/index.js": {"path":"/Users/hoangnam/Dev/Templates/ReactJS/src/components/WikiApp/Navigation/index.js","statementMap":{"0":{"start":{"line":6,"column":19},"end":{"line":58,"column":1}},"1":{"start":{"line":7,"column":22},"end":{"line":7,"column":34}},"2":{"start":{"line":9,"column":17},"end":{"line":21,"column":3}},"3":{"start":{"line":10,"column":16},"end":{"line":10,"column":47}},"4":{"start":{"line":11,"column":14},"end":{"line":11,"column":44}},"5":{"start":{"line":12,"column":23},"end":{"line":12,"column":54}},"6":{"start":{"line":13,"column":17},"end":{"line":13,"column":37}},"7":{"start":{"line":14,"column":21},"end":{"line":14,"column":34}},"8":{"start":{"line":16,"column":4},"end":{"line":16,"column":54}},"9":{"start":{"line":17,"column":4},"end":{"line":20,"column":40}},"10":{"start":{"line":23,"column":18},"end":{"line":29,"column":3}},"11":{"start":{"line":24,"column":18},"end":{"line":24,"column":45}},"12":{"start":{"line":25,"column":15},"end":{"line":25,"column":28}},"13":{"start":{"line":26,"column":4},"end":{"line":28,"column":62}},"14":{"start":{"line":30,"column":2},"end":{"line":57,"column":4}},"15":{"start":{"line":34,"column":25},"end":{"line":34,"column":39}},"16":{"start":{"line":42,"column":14},"end":{"line":46,"column":16}},"17":{"start":{"line":43,"column":51},"end":{"line":43,"column":70}},"18":{"start":{"line":50,"column":25},"end":{"line":50,"column":40}}},"fnMap":{"0":{"name":"(anonymous_0)","decl":{"start":{"line":6,"column":19},"end":{"line":6,"column":20}},"loc":{"start":{"line":6,"column":37},"end":{"line":58,"column":1}},"line":6},"1":{"name":"(anonymous_1)","decl":{"start":{"line":9,"column":17},"end":{"line":9,"column":18}},"loc":{"start":{"line":9,"column":30},"end":{"line":21,"column":3}},"line":9},"2":{"name":"(anonymous_2)","decl":{"start":{"line":23,"column":18},"end":{"line":23,"column":19}},"loc":{"start":{"line":23,"column":24},"end":{"line":29,"column":3}},"line":23},"3":{"name":"(anonymous_3)","decl":{"start":{"line":34,"column":19},"end":{"line":34,"column":20}},"loc":{"start":{"line":34,"column":25},"end":{"line":34,"column":39}},"line":34},"4":{"name":"(anonymous_4)","decl":{"start":{"line":41,"column":42},"end":{"line":41,"column":43}},"loc":{"start":{"line":41,"column":62},"end":{"line":47,"column":13}},"line":41},"5":{"name":"(anonymous_5)","decl":{"start":{"line":43,"column":45},"end":{"line":43,"column":46}},"loc":{"start":{"line":43,"column":51},"end":{"line":43,"column":70}},"line":43},"6":{"name":"(anonymous_6)","decl":{"start":{"line":50,"column":19},"end":{"line":50,"column":20}},"loc":{"start":{"line":50,"column":25},"end":{"line":50,"column":40}},"line":50}},"branchMap":{"0":{"loc":{"start":{"line":18,"column":6},"end":{"line":20,"column":39}},"type":"cond-expr","locations":[{"start":{"line":19,"column":10},"end":{"line":19,"column":44}},{"start":{"line":20,"column":10},"end":{"line":20,"column":39}}],"line":18},"1":{"loc":{"start":{"line":40,"column":11},"end":{"line":47,"column":14}},"type":"binary-expr","locations":[{"start":{"line":40,"column":11},"end":{"line":40,"column":19}},{"start":{"line":41,"column":12},"end":{"line":47,"column":14}}],"line":40}},"s":{"0":2,"1":12,"2":12,"3":0,"4":0,"5":0,"6":0,"7":0,"8":0,"9":0,"10":12,"11":0,"12":0,"13":0,"14":12,"15":0,"16":0,"17":0,"18":0},"f":{"0":12,"1":0,"2":0,"3":0,"4":0,"5":0,"6":0},"b":{"0":[0,0],"1":[12,0]},"_coverageSchema":"1a1c01bbd47fc00a2c39e90264f33305004495a9","hash":"cc307894d5305fa46ba64c27c8f3dc1633931761"}
,"/Users/hoangnam/Dev/Templates/ReactJS/src/components/WikiApp/Tooltip/index.js": {"path":"/Users/hoangnam/Dev/Templates/ReactJS/src/components/WikiApp/Tooltip/index.js","statementMap":{"0":{"start":{"line":6,"column":23},"end":{"line":13,"column":1}},"1":{"start":{"line":7,"column":16},"end":{"line":7,"column":33}},"2":{"start":{"line":8,"column":14},"end":{"line":8,"column":18}},"3":{"start":{"line":9,"column":12},"end":{"line":9,"column":43}},"4":{"start":{"line":10,"column":2},"end":{"line":10,"column":61}},"5":{"start":{"line":10,"column":29},"end":{"line":10,"column":61}},"6":{"start":{"line":11,"column":2},"end":{"line":11,"column":47}},"7":{"start":{"line":12,"column":2},"end":{"line":12,"column":28}},"8":{"start":{"line":15,"column":16},"end":{"line":61,"column":1}},"9":{"start":{"line":16,"column":28},"end":{"line":16,"column":33}},"10":{"start":{"line":17,"column":26},"end":{"line":17,"column":41}},"11":{"start":{"line":18,"column":32},"end":{"line":18,"column":46}},"12":{"start":{"line":19,"column":28},"end":{"line":19,"column":42}},"13":{"start":{"line":20,"column":24},"end":{"line":20,"column":43}},"14":{"start":{"line":20,"column":30},"end":{"line":20,"column":43}},"15":{"start":{"line":21,"column":25},"end":{"line":21,"column":45}},"16":{"start":{"line":21,"column":31},"end":{"line":21,"column":45}},"17":{"start":{"line":23,"column":2},"end":{"line":34,"column":13}},"18":{"start":{"line":24,"column":4},"end":{"line":33,"column":5}},"19":{"start":{"line":25,"column":6},"end":{"line":32,"column":46}},"20":{"start":{"line":26,"column":26},"end":{"line":26,"column":41}},"21":{"start":{"line":28,"column":35},"end":{"line":28,"column":55}},"22":{"start":{"line":29,"column":10},"end":{"line":29,"column":30}},"23":{"start":{"line":30,"column":10},"end":{"line":30,"column":33}},"24":{"start":{"line":32,"column":24},"end":{"line":32,"column":44}},"25":{"start":{"line":36,"column":2},"end":{"line":60,"column":4}}},"fnMap":{"0":{"name":"(anonymous_0)","decl":{"start":{"line":6,"column":23},"end":{"line":6,"column":24}},"loc":{"start":{"line":6,"column":48},"end":{"line":13,"column":1}},"line":6},"1":{"name":"(anonymous_1)","decl":{"start":{"line":15,"column":16},"end":{"line":15,"column":17}},"loc":{"start":{"line":15,"column":25},"end":{"line":61,"column":1}},"line":15},"2":{"name":"(anonymous_2)","decl":{"start":{"line":20,"column":24},"end":{"line":20,"column":25}},"loc":{"start":{"line":20,"column":30},"end":{"line":20,"column":43}},"line":20},"3":{"name":"(anonymous_3)","decl":{"start":{"line":21,"column":25},"end":{"line":21,"column":26}},"loc":{"start":{"line":21,"column":31},"end":{"line":21,"column":45}},"line":21},"4":{"name":"(anonymous_4)","decl":{"start":{"line":23,"column":18},"end":{"line":23,"column":19}},"loc":{"start":{"line":23,"column":24},"end":{"line":34,"column":3}},"line":23},"5":{"name":"(anonymous_5)","decl":{"start":{"line":26,"column":14},"end":{"line":26,"column":15}},"loc":{"start":{"line":26,"column":26},"end":{"line":26,"column":41}},"line":26},"6":{"name":"(anonymous_6)","decl":{"start":{"line":27,"column":14},"end":{"line":27,"column":15}},"loc":{"start":{"line":27,"column":22},"end":{"line":31,"column":9}},"line":27},"7":{"name":"(anonymous_7)","decl":{"start":{"line":32,"column":15},"end":{"line":32,"column":16}},"loc":{"start":{"line":32,"column":24},"end":{"line":32,"column":44}},"line":32}},"branchMap":{"0":{"loc":{"start":{"line":6,"column":30},"end":{"line":6,"column":43}},"type":"default-arg","locations":[{"start":{"line":6,"column":40},"end":{"line":6,"column":43}}],"line":6},"1":{"loc":{"start":{"line":24,"column":4},"end":{"line":33,"column":5}},"type":"if","locations":[{"start":{"line":24,"column":4},"end":{"line":33,"column":5}},{"start":{"line":24,"column":4},"end":{"line":33,"column":5}}],"line":24},"2":{"loc":{"start":{"line":24,"column":8},"end":{"line":24,"column":24}},"type":"binary-expr","locations":[{"start":{"line":24,"column":8},"end":{"line":24,"column":12}},{"start":{"line":24,"column":16},"end":{"line":24,"column":24}}],"line":24},"3":{"loc":{"start":{"line":30,"column":19},"end":{"line":30,"column":31}},"type":"binary-expr","locations":[{"start":{"line":30,"column":19},"end":{"line":30,"column":24}},{"start":{"line":30,"column":28},"end":{"line":30,"column":31}}],"line":30},"4":{"loc":{"start":{"line":42,"column":7},"end":{"line":56,"column":7}},"type":"binary-expr","locations":[{"start":{"line":42,"column":7},"end":{"line":42,"column":11}},{"start":{"line":43,"column":8},"end":{"line":55,"column":14}}],"line":42},"5":{"loc":{"start":{"line":44,"column":11},"end":{"line":53,"column":11}},"type":"cond-expr","locations":[{"start":{"line":45,"column":12},"end":{"line":50,"column":17}},{"start":{"line":52,"column":12},"end":{"line":52,"column":50}}],"line":44}},"s":{"0":3,"1":0,"2":0,"3":0,"4":0,"5":0,"6":0,"7":0,"8":3,"9":1458,"10":1458,"11":1458,"12":1458,"13":1458,"14":0,"15":1458,"16":0,"17":1458,"18":1457,"19":0,"20":0,"21":0,"22":0,"23":0,"24":0,"25":1458},"f":{"0":0,"1":1458,"2":0,"3":0,"4":1457,"5":0,"6":0,"7":0},"b":{"0":[0],"1":[0,1457],"2":[1457,0],"3":[0,0],"4":[1458,0],"5":[0,0]},"_coverageSchema":"1a1c01bbd47fc00a2c39e90264f33305004495a9","hash":"40e472e01086f1b0c17a66b8918827afbef18349"}
,"/Users/hoangnam/Dev/Templates/ReactJS/src/hooks/useFetch.js": {"path":"/Users/hoangnam/Dev/Templates/ReactJS/src/hooks/useFetch.js","statementMap":{"0":{"start":{"line":3,"column":17},"end":{"line":24,"column":1}},"1":{"start":{"line":4,"column":34},"end":{"line":4,"column":48}},"2":{"start":{"line":5,"column":28},"end":{"line":5,"column":42}},"3":{"start":{"line":6,"column":36},"end":{"line":6,"column":51}},"4":{"start":{"line":8,"column":2},"end":{"line":21,"column":9}},"5":{"start":{"line":9,"column":22},"end":{"line":19,"column":5}},"6":{"start":{"line":10,"column":6},"end":{"line":10,"column":25}},"7":{"start":{"line":11,"column":6},"end":{"line":18,"column":7}},"8":{"start":{"line":12,"column":20},"end":{"line":12,"column":45}},"9":{"start":{"line":13,"column":21},"end":{"line":13,"column":37}},"10":{"start":{"line":14,"column":8},"end":{"line":14,"column":26}},"11":{"start":{"line":15,"column":8},"end":{"line":15,"column":28}},"12":{"start":{"line":17,"column":8},"end":{"line":17,"column":24}},"13":{"start":{"line":20,"column":4},"end":{"line":20,"column":16}},"14":{"start":{"line":23,"column":2},"end":{"line":23,"column":40}}},"fnMap":{"0":{"name":"(anonymous_0)","decl":{"start":{"line":3,"column":17},"end":{"line":3,"column":18}},"loc":{"start":{"line":3,"column":40},"end":{"line":24,"column":1}},"line":3},"1":{"name":"(anonymous_1)","decl":{"start":{"line":8,"column":12},"end":{"line":8,"column":13}},"loc":{"start":{"line":8,"column":18},"end":{"line":21,"column":3}},"line":8},"2":{"name":"(anonymous_2)","decl":{"start":{"line":9,"column":22},"end":{"line":9,"column":23}},"loc":{"start":{"line":9,"column":34},"end":{"line":19,"column":5}},"line":9}},"branchMap":{"0":{"loc":{"start":{"line":3,"column":23},"end":{"line":3,"column":35}},"type":"default-arg","locations":[{"start":{"line":3,"column":33},"end":{"line":3,"column":35}}],"line":3}},"s":{"0":2,"1":24,"2":24,"3":24,"4":24,"5":12,"6":12,"7":12,"8":12,"9":0,"10":0,"11":0,"12":12,"13":12,"14":24},"f":{"0":24,"1":12,"2":12},"b":{"0":[24]},"_coverageSchema":"1a1c01bbd47fc00a2c39e90264f33305004495a9","hash":"07b436164b82ed2c65e9593981470c3608999ea1"}
,"/Users/hoangnam/Dev/Templates/ReactJS/src/hooks/useWiki.js": {"path":"/Users/hoangnam/Dev/Templates/ReactJS/src/hooks/useWiki.js","statementMap":{"0":{"start":{"line":10,"column":23},"end":{"line":17,"column":1}},"1":{"start":{"line":11,"column":40},"end":{"line":11,"column":54}},"2":{"start":{"line":12,"column":29},"end":{"line":12,"column":73}},"3":{"start":{"line":13,"column":2},"end":{"line":15,"column":36}},"4":{"start":{"line":14,"column":4},"end":{"line":14,"column":63}},"5":{"start":{"line":16,"column":2},"end":{"line":16,"column":21}},"6":{"start":{"line":19,"column":18},"end":{"line":33,"column":1}},"7":{"start":{"line":20,"column":30},"end":{"line":20,"column":44}},"8":{"start":{"line":21,"column":21},"end":{"line":21,"column":59}},"9":{"start":{"line":22,"column":2},"end":{"line":31,"column":28}},"10":{"start":{"line":23,"column":15},"end":{"line":23,"column":48}},"11":{"start":{"line":24,"column":12},"end":{"line":24,"column":14}},"12":{"start":{"line":26,"column":4},"end":{"line":29,"column":5}},"13":{"start":{"line":27,"column":35},"end":{"line":27,"column":60}},"14":{"start":{"line":28,"column":6},"end":{"line":28,"column":52}},"15":{"start":{"line":30,"column":4},"end":{"line":30,"column":19}},"16":{"start":{"line":32,"column":2},"end":{"line":32,"column":16}}},"fnMap":{"0":{"name":"(anonymous_0)","decl":{"start":{"line":10,"column":23},"end":{"line":10,"column":24}},"loc":{"start":{"line":10,"column":32},"end":{"line":17,"column":1}},"line":10},"1":{"name":"(anonymous_1)","decl":{"start":{"line":13,"column":12},"end":{"line":13,"column":13}},"loc":{"start":{"line":13,"column":18},"end":{"line":15,"column":3}},"line":13},"2":{"name":"(anonymous_2)","decl":{"start":{"line":19,"column":18},"end":{"line":19,"column":19}},"loc":{"start":{"line":19,"column":27},"end":{"line":33,"column":1}},"line":19},"3":{"name":"(anonymous_3)","decl":{"start":{"line":22,"column":12},"end":{"line":22,"column":13}},"loc":{"start":{"line":22,"column":18},"end":{"line":31,"column":3}},"line":22}},"branchMap":{},"s":{"0":2,"1":12,"2":12,"3":12,"4":6,"5":12,"6":2,"7":12,"8":12,"9":12,"10":6,"11":6,"12":6,"13":0,"14":0,"15":6,"16":12},"f":{"0":12,"1":6,"2":12,"3":6},"b":{},"_coverageSchema":"1a1c01bbd47fc00a2c39e90264f33305004495a9","hash":"0ce920a85290657be3c4621540409323d251d5f2"}
,"/Users/hoangnam/Dev/Templates/ReactJS/src/wiki_parser/index.js": {"path":"/Users/hoangnam/Dev/Templates/ReactJS/src/wiki_parser/index.js","statementMap":{"0":{"start":{"line":4,"column":14},"end":{"line":4,"column":30}},"1":{"start":{"line":5,"column":19},"end":{"line":7,"column":25}},"2":{"start":{"line":7,"column":15},"end":{"line":7,"column":24}},"3":{"start":{"line":9,"column":14},"end":{"line":9,"column":69}},"4":{"start":{"line":9,"column":27},"end":{"line":9,"column":69}},"5":{"start":{"line":11,"column":24},"end":{"line":12,"column":50}},"6":{"start":{"line":12,"column":2},"end":{"line":12,"column":50}},"7":{"start":{"line":14,"column":19},"end":{"line":15,"column":64}},"8":{"start":{"line":15,"column":2},"end":{"line":15,"column":64}},"9":{"start":{"line":17,"column":18},"end":{"line":20,"column":9}},"10":{"start":{"line":18,"column":2},"end":{"line":20,"column":9}},"11":{"start":{"line":22,"column":14},"end":{"line":36,"column":1}},"12":{"start":{"line":23,"column":12},"end":{"line":23,"column":14}},"13":{"start":{"line":24,"column":2},"end":{"line":34,"column":3}},"14":{"start":{"line":25,"column":16},"end":{"line":25,"column":24}},"15":{"start":{"line":26,"column":4},"end":{"line":32,"column":15}},"16":{"start":{"line":32,"column":6},"end":{"line":32,"column":15}},"17":{"start":{"line":33,"column":4},"end":{"line":33,"column":21}},"18":{"start":{"line":35,"column":2},"end":{"line":35,"column":13}},"19":{"start":{"line":38,"column":19},"end":{"line":53,"column":1}},"20":{"start":{"line":39,"column":15},"end":{"line":39,"column":74}},"21":{"start":{"line":41,"column":32},"end":{"line":41,"column":57}},"22":{"start":{"line":42,"column":16},"end":{"line":42,"column":18}},"23":{"start":{"line":44,"column":2},"end":{"line":51,"column":3}},"24":{"start":{"line":45,"column":21},"end":{"line":45,"column":38}},"25":{"start":{"line":46,"column":23},"end":{"line":49,"column":5}},"26":{"start":{"line":50,"column":4},"end":{"line":50,"column":27}},"27":{"start":{"line":52,"column":2},"end":{"line":52,"column":46}},"28":{"start":{"line":55,"column":22},"end":{"line":137,"column":1}},"29":{"start":{"line":56,"column":19},"end":{"line":69,"column":3}},"30":{"start":{"line":57,"column":14},"end":{"line":57,"column":18}},"31":{"start":{"line":58,"column":4},"end":{"line":67,"column":5}},"32":{"start":{"line":59,"column":6},"end":{"line":64,"column":7}},"33":{"start":{"line":62,"column":25},"end":{"line":62,"column":58}},"34":{"start":{"line":63,"column":8},"end":{"line":63,"column":49}},"35":{"start":{"line":63,"column":36},"end":{"line":63,"column":49}},"36":{"start":{"line":66,"column":6},"end":{"line":66,"column":18}},"37":{"start":{"line":68,"column":4},"end":{"line":68,"column":15}},"38":{"start":{"line":71,"column":17},"end":{"line":83,"column":3}},"39":{"start":{"line":72,"column":4},"end":{"line":72,"column":41}},"40":{"start":{"line":72,"column":30},"end":{"line":72,"column":41}},"41":{"start":{"line":73,"column":16},"end":{"line":73,"column":33}},"42":{"start":{"line":74,"column":4},"end":{"line":81,"column":5}},"43":{"start":{"line":75,"column":6},"end":{"line":80,"column":25}},"44":{"start":{"line":80,"column":8},"end":{"line":80,"column":25}},"45":{"start":{"line":82,"column":4},"end":{"line":82,"column":15}},"46":{"start":{"line":85,"column":15},"end":{"line":85,"column":42}},"47":{"start":{"line":86,"column":14},"end":{"line":86,"column":18}},"48":{"start":{"line":88,"column":13},"end":{"line":88,"column":17}},"49":{"start":{"line":89,"column":13},"end":{"line":89,"column":17}},"50":{"start":{"line":91,"column":2},"end":{"line":91,"column":17}},"51":{"start":{"line":93,"column":2},"end":{"line":93,"column":27}},"52":{"start":{"line":95,"column":2},"end":{"line":95,"column":36}},"53":{"start":{"line":97,"column":2},"end":{"line":123,"column":3}},"54":{"start":{"line":98,"column":4},"end":{"line":98,"column":20}},"55":{"start":{"line":99,"column":4},"end":{"line":99,"column":18}},"56":{"start":{"line":100,"column":4},"end":{"line":100,"column":37}},"57":{"start":{"line":101,"column":9},"end":{"line":123,"column":3}},"58":{"start":{"line":102,"column":4},"end":{"line":102,"column":20}},"59":{"start":{"line":103,"column":4},"end":{"line":103,"column":18}},"60":{"start":{"line":104,"column":4},"end":{"line":104,"column":39}},"61":{"start":{"line":106,"column":4},"end":{"line":108,"column":5}},"62":{"start":{"line":107,"column":6},"end":{"line":107,"column":30}},"63":{"start":{"line":110,"column":4},"end":{"line":110,"column":45}},"64":{"start":{"line":110,"column":17},"end":{"line":110,"column":45}},"65":{"start":{"line":111,"column":4},"end":{"line":122,"column":5}},"66":{"start":{"line":112,"column":6},"end":{"line":121,"column":7}},"67":{"start":{"line":113,"column":8},"end":{"line":115,"column":22}},"68":{"start":{"line":117,"column":8},"end":{"line":120,"column":10}},"69":{"start":{"line":125,"column":2},"end":{"line":125,"column":45}},"70":{"start":{"line":126,"column":2},"end":{"line":131,"column":3}},"71":{"start":{"line":127,"column":4},"end":{"line":130,"column":6}},"72":{"start":{"line":133,"column":2},"end":{"line":136,"column":4}},"73":{"start":{"line":139,"column":24},"end":{"line":183,"column":1}},"74":{"start":{"line":144,"column":13},"end":{"line":144,"column":18}},"75":{"start":{"line":147,"column":17},"end":{"line":147,"column":57}},"76":{"start":{"line":148,"column":2},"end":{"line":149,"column":45}},"77":{"start":{"line":149,"column":4},"end":{"line":149,"column":45}},"78":{"start":{"line":151,"column":2},"end":{"line":151,"column":31}},"79":{"start":{"line":154,"column":18},"end":{"line":154,"column":109}},"80":{"start":{"line":155,"column":2},"end":{"line":158,"column":3}},"81":{"start":{"line":156,"column":4},"end":{"line":156,"column":42}},"82":{"start":{"line":157,"column":4},"end":{"line":157,"column":35}},"83":{"start":{"line":161,"column":17},"end":{"line":161,"column":102}},"84":{"start":{"line":162,"column":2},"end":{"line":165,"column":3}},"85":{"start":{"line":163,"column":4},"end":{"line":163,"column":41}},"86":{"start":{"line":164,"column":4},"end":{"line":164,"column":33}},"87":{"start":{"line":168,"column":2},"end":{"line":170,"column":3}},"88":{"start":{"line":169,"column":4},"end":{"line":169,"column":48}},"89":{"start":{"line":173,"column":21},"end":{"line":173,"column":55}},"90":{"start":{"line":174,"column":2},"end":{"line":176,"column":3}},"91":{"start":{"line":175,"column":4},"end":{"line":175,"column":47}},"92":{"start":{"line":178,"column":2},"end":{"line":178,"column":50}},"93":{"start":{"line":179,"column":2},"end":{"line":179,"column":31}},"94":{"start":{"line":180,"column":2},"end":{"line":180,"column":33}},"95":{"start":{"line":182,"column":2},"end":{"line":182,"column":59}},"96":{"start":{"line":185,"column":23},"end":{"line":216,"column":1}},"97":{"start":{"line":192,"column":11},"end":{"line":192,"column":21}},"98":{"start":{"line":195,"column":21},"end":{"line":195,"column":68}},"99":{"start":{"line":196,"column":2},"end":{"line":196,"column":72}},"100":{"start":{"line":196,"column":49},"end":{"line":196,"column":72}},"101":{"start":{"line":197,"column":2},"end":{"line":197,"column":39}},"102":{"start":{"line":200,"column":18},"end":{"line":200,"column":101}},"103":{"start":{"line":201,"column":2},"end":{"line":203,"column":3}},"104":{"start":{"line":202,"column":4},"end":{"line":202,"column":41}},"105":{"start":{"line":206,"column":17},"end":{"line":206,"column":101}},"106":{"start":{"line":207,"column":2},"end":{"line":209,"column":3}},"107":{"start":{"line":208,"column":4},"end":{"line":208,"column":40}},"108":{"start":{"line":212,"column":2},"end":{"line":212,"column":49}},"109":{"start":{"line":215,"column":2},"end":{"line":215,"column":54}},"110":{"start":{"line":218,"column":22},"end":{"line":242,"column":1}},"111":{"start":{"line":219,"column":20},"end":{"line":219,"column":82}},"112":{"start":{"line":223,"column":17},"end":{"line":223,"column":19}},"113":{"start":{"line":224,"column":2},"end":{"line":224,"column":77}},"114":{"start":{"line":224,"column":48},"end":{"line":224,"column":77}},"115":{"start":{"line":226,"column":2},"end":{"line":226,"column":37}},"116":{"start":{"line":228,"column":17},"end":{"line":228,"column":86}},"117":{"start":{"line":230,"column":2},"end":{"line":233,"column":3}},"118":{"start":{"line":231,"column":25},"end":{"line":231,"column":37}},"119":{"start":{"line":232,"column":4},"end":{"line":232,"column":39}},"120":{"start":{"line":235,"column":15},"end":{"line":235,"column":17}},"121":{"start":{"line":236,"column":2},"end":{"line":240,"column":3}},"122":{"start":{"line":237,"column":4},"end":{"line":237,"column":39}},"123":{"start":{"line":237,"column":30},"end":{"line":237,"column":39}},"124":{"start":{"line":238,"column":4},"end":{"line":238,"column":48}},"125":{"start":{"line":239,"column":4},"end":{"line":239,"column":50}},"126":{"start":{"line":241,"column":2},"end":{"line":241,"column":32}},"127":{"start":{"line":244,"column":22},"end":{"line":270,"column":1}},"128":{"start":{"line":245,"column":12},"end":{"line":245,"column":14}},"129":{"start":{"line":246,"column":13},"end":{"line":246,"column":18}},"130":{"start":{"line":252,"column":16},"end":{"line":252,"column":60}},"131":{"start":{"line":254,"column":2},"end":{"line":267,"column":3}},"132":{"start":{"line":255,"column":4},"end":{"line":256,"column":46}},"133":{"start":{"line":256,"column":6},"end":{"line":256,"column":46}},"134":{"start":{"line":257,"column":4},"end":{"line":257,"column":37}},"135":{"start":{"line":259,"column":4},"end":{"line":259,"column":66}},"136":{"start":{"line":260,"column":4},"end":{"line":260,"column":38}},"137":{"start":{"line":262,"column":16},"end":{"line":262,"column":27}},"138":{"start":{"line":263,"column":4},"end":{"line":263,"column":57}},"139":{"start":{"line":264,"column":4},"end":{"line":264,"column":62}},"140":{"start":{"line":264,"column":24},"end":{"line":264,"column":62}},"141":{"start":{"line":265,"column":4},"end":{"line":265,"column":31}},"142":{"start":{"line":266,"column":4},"end":{"line":266,"column":41}},"143":{"start":{"line":269,"column":2},"end":{"line":269,"column":13}},"144":{"start":{"line":272,"column":28},"end":{"line":314,"column":1}},"145":{"start":{"line":273,"column":28},"end":{"line":273,"column":77}},"146":{"start":{"line":275,"column":14},"end":{"line":275,"column":43}},"147":{"start":{"line":276,"column":17},"end":{"line":276,"column":19}},"148":{"start":{"line":277,"column":13},"end":{"line":277,"column":15}},"149":{"start":{"line":279,"column":2},"end":{"line":279,"column":65}},"150":{"start":{"line":279,"column":22},"end":{"line":279,"column":65}},"151":{"start":{"line":281,"column":19},"end":{"line":281,"column":31}},"152":{"start":{"line":283,"column":20},"end":{"line":283,"column":69}},"153":{"start":{"line":285,"column":14},"end":{"line":285,"column":35}},"154":{"start":{"line":287,"column":2},"end":{"line":302,"column":3}},"155":{"start":{"line":288,"column":18},"end":{"line":288,"column":28}},"156":{"start":{"line":289,"column":4},"end":{"line":292,"column":5}},"157":{"start":{"line":290,"column":6},"end":{"line":290,"column":30}},"158":{"start":{"line":291,"column":6},"end":{"line":291,"column":15}},"159":{"start":{"line":294,"column":32},"end":{"line":294,"column":44}},"160":{"start":{"line":295,"column":4},"end":{"line":295,"column":27}},"161":{"start":{"line":296,"column":4},"end":{"line":296,"column":55}},"162":{"start":{"line":296,"column":39},"end":{"line":296,"column":55}},"163":{"start":{"line":297,"column":4},"end":{"line":301,"column":45}},"164":{"start":{"line":298,"column":6},"end":{"line":298,"column":51}},"165":{"start":{"line":299,"column":11},"end":{"line":301,"column":45}},"166":{"start":{"line":300,"column":6},"end":{"line":300,"column":53}},"167":{"start":{"line":301,"column":11},"end":{"line":301,"column":45}},"168":{"start":{"line":304,"column":2},"end":{"line":311,"column":6}},"169":{"start":{"line":304,"column":32},"end":{"line":311,"column":3}},"170":{"start":{"line":313,"column":2},"end":{"line":313,"column":56}},"171":{"start":{"line":316,"column":22},"end":{"line":346,"column":1}},"172":{"start":{"line":317,"column":17},"end":{"line":317,"column":77}},"173":{"start":{"line":318,"column":14},"end":{"line":318,"column":32}},"174":{"start":{"line":321,"column":15},"end":{"line":321,"column":17}},"175":{"start":{"line":322,"column":2},"end":{"line":322,"column":59}},"176":{"start":{"line":322,"column":22},"end":{"line":322,"column":59}},"177":{"start":{"line":324,"column":2},"end":{"line":324,"column":39}},"178":{"start":{"line":325,"column":2},"end":{"line":325,"column":27}},"179":{"start":{"line":327,"column":2},"end":{"line":343,"column":3}},"180":{"start":{"line":331,"column":21},"end":{"line":331,"column":43}},"181":{"start":{"line":342,"column":4},"end":{"line":342,"column":30}},"182":{"start":{"line":345,"column":2},"end":{"line":345,"column":48}},"183":{"start":{"line":348,"column":22},"end":{"line":530,"column":1}},"184":{"start":{"line":349,"column":2},"end":{"line":351,"column":3}},"185":{"start":{"line":350,"column":4},"end":{"line":350,"column":34}},"186":{"start":{"line":353,"column":2},"end":{"line":353,"column":68}},"187":{"start":{"line":353,"column":40},"end":{"line":353,"column":68}},"188":{"start":{"line":355,"column":2},"end":{"line":364,"column":3}},"189":{"start":{"line":356,"column":23},"end":{"line":356,"column":71}},"190":{"start":{"line":358,"column":4},"end":{"line":363,"column":5}},"191":{"start":{"line":359,"column":6},"end":{"line":359,"column":44}},"192":{"start":{"line":360,"column":6},"end":{"line":360,"column":34}},"193":{"start":{"line":362,"column":6},"end":{"line":362,"column":41}},"194":{"start":{"line":366,"column":2},"end":{"line":401,"column":3}},"195":{"start":{"line":367,"column":4},"end":{"line":394,"column":5}},"196":{"start":{"line":368,"column":6},"end":{"line":368,"column":31}},"197":{"start":{"line":369,"column":11},"end":{"line":394,"column":5}},"198":{"start":{"line":370,"column":6},"end":{"line":370,"column":35}},"199":{"start":{"line":371,"column":11},"end":{"line":394,"column":5}},"200":{"start":{"line":372,"column":17},"end":{"line":372,"column":43}},"201":{"start":{"line":373,"column":6},"end":{"line":381,"column":8}},"202":{"start":{"line":382,"column":11},"end":{"line":394,"column":5}},"203":{"start":{"line":383,"column":17},"end":{"line":383,"column":43}},"204":{"start":{"line":384,"column":6},"end":{"line":387,"column":8}},"205":{"start":{"line":388,"column":11},"end":{"line":394,"column":5}},"206":{"start":{"line":389,"column":6},"end":{"line":389,"column":34}},"207":{"start":{"line":390,"column":11},"end":{"line":394,"column":5}},"208":{"start":{"line":391,"column":6},"end":{"line":391,"column":40}},"209":{"start":{"line":392,"column":11},"end":{"line":394,"column":5}},"210":{"start":{"line":393,"column":6},"end":{"line":393,"column":34}},"211":{"start":{"line":396,"column":4},"end":{"line":400,"column":6}},"212":{"start":{"line":403,"column":2},"end":{"line":528,"column":3}},"213":{"start":{"line":420,"column":20},"end":{"line":420,"column":58}},"214":{"start":{"line":421,"column":4},"end":{"line":492,"column":5}},"215":{"start":{"line":422,"column":20},"end":{"line":422,"column":28}},"216":{"start":{"line":423,"column":19},"end":{"line":423,"column":28}},"217":{"start":{"line":424,"column":23},"end":{"line":424,"column":44}},"218":{"start":{"line":425,"column":22},"end":{"line":425,"column":30}},"219":{"start":{"line":426,"column":20},"end":{"line":426,"column":34}},"220":{"start":{"line":464,"column":21},"end":{"line":466,"column":7}},"221":{"start":{"line":468,"column":6},"end":{"line":471,"column":7}},"222":{"start":{"line":470,"column":8},"end":{"line":470,"column":23}},"223":{"start":{"line":472,"column":6},"end":{"line":472,"column":48}},"224":{"start":{"line":473,"column":6},"end":{"line":473,"column":59}},"225":{"start":{"line":474,"column":6},"end":{"line":474,"column":56}},"226":{"start":{"line":476,"column":6},"end":{"line":491,"column":7}},"227":{"start":{"line":477,"column":8},"end":{"line":477,"column":68}},"228":{"start":{"line":478,"column":8},"end":{"line":478,"column":37}},"229":{"start":{"line":479,"column":8},"end":{"line":479,"column":80}},"230":{"start":{"line":481,"column":8},"end":{"line":483,"column":9}},"231":{"start":{"line":482,"column":10},"end":{"line":482,"column":35}},"232":{"start":{"line":485,"column":8},"end":{"line":485,"column":67}},"233":{"start":{"line":486,"column":8},"end":{"line":490,"column":10}},"234":{"start":{"line":498,"column":17},"end":{"line":498,"column":46}},"235":{"start":{"line":499,"column":16},"end":{"line":499,"column":25}},"236":{"start":{"line":500,"column":18},"end":{"line":500,"column":46}},"237":{"start":{"line":501,"column":4},"end":{"line":527,"column":5}},"238":{"start":{"line":502,"column":17},"end":{"line":502,"column":24}},"239":{"start":{"line":503,"column":18},"end":{"line":503,"column":43}},"240":{"start":{"line":504,"column":18},"end":{"line":504,"column":43}},"241":{"start":{"line":505,"column":14},"end":{"line":505,"column":37}},"242":{"start":{"line":506,"column":17},"end":{"line":506,"column":39}},"243":{"start":{"line":507,"column":18},"end":{"line":507,"column":20}},"244":{"start":{"line":508,"column":18},"end":{"line":508,"column":20}},"245":{"start":{"line":509,"column":21},"end":{"line":509,"column":222}},"246":{"start":{"line":510,"column":22},"end":{"line":510,"column":58}},"247":{"start":{"line":512,"column":6},"end":{"line":523,"column":7}},"248":{"start":{"line":514,"column":8},"end":{"line":517,"column":9}},"249":{"start":{"line":515,"column":10},"end":{"line":515,"column":30}},"250":{"start":{"line":516,"column":10},"end":{"line":516,"column":19}},"251":{"start":{"line":520,"column":8},"end":{"line":522,"column":35}},"252":{"start":{"line":521,"column":10},"end":{"line":521,"column":59}},"253":{"start":{"line":522,"column":15},"end":{"line":522,"column":35}},"254":{"start":{"line":525,"column":6},"end":{"line":525,"column":49}},"255":{"start":{"line":526,"column":6},"end":{"line":526,"column":43}},"256":{"start":{"line":529,"column":2},"end":{"line":529,"column":31}},"257":{"start":{"line":532,"column":16},"end":{"line":537,"column":3}},"258":{"start":{"line":538,"column":10},"end":{"line":544,"column":3}},"259":{"start":{"line":545,"column":15},"end":{"line":550,"column":3}},"260":{"start":{"line":551,"column":9},"end":{"line":556,"column":3}},"261":{"start":{"line":557,"column":11},"end":{"line":562,"column":3}},"262":{"start":{"line":563,"column":12},"end":{"line":568,"column":3}},"263":{"start":{"line":569,"column":9},"end":{"line":574,"column":3}},"264":{"start":{"line":575,"column":17},"end":{"line":580,"column":3}},"265":{"start":{"line":581,"column":13},"end":{"line":586,"column":3}},"266":{"start":{"line":587,"column":13},"end":{"line":592,"column":3}},"267":{"start":{"line":593,"column":13},"end":{"line":598,"column":3}},"268":{"start":{"line":599,"column":13},"end":{"line":604,"column":3}},"269":{"start":{"line":605,"column":13},"end":{"line":610,"column":3}},"270":{"start":{"line":611,"column":13},"end":{"line":616,"column":3}},"271":{"start":{"line":617,"column":14},"end":{"line":622,"column":3}},"272":{"start":{"line":623,"column":13},"end":{"line":628,"column":3}},"273":{"start":{"line":629,"column":15},"end":{"line":634,"column":3}},"274":{"start":{"line":635,"column":13},"end":{"line":640,"column":3}},"275":{"start":{"line":641,"column":11},"end":{"line":664,"column":3}},"276":{"start":{"line":666,"column":0},"end":{"line":666,"column":32}},"277":{"start":{"line":667,"column":0},"end":{"line":667,"column":34}},"278":{"start":{"line":668,"column":0},"end":{"line":668,"column":48}},"279":{"start":{"line":669,"column":0},"end":{"line":669,"column":57}},"280":{"start":{"line":670,"column":0},"end":{"line":670,"column":50}},"281":{"start":{"line":672,"column":24},"end":{"line":719,"column":1}},"282":{"start":{"line":673,"column":2},"end":{"line":673,"column":36}},"283":{"start":{"line":673,"column":24},"end":{"line":673,"column":36}},"284":{"start":{"line":674,"column":17},"end":{"line":674,"column":73}},"285":{"start":{"line":674,"column":28},"end":{"line":674,"column":73}},"286":{"start":{"line":675,"column":21},"end":{"line":675,"column":22}},"287":{"start":{"line":676,"column":10},"end":{"line":676,"column":12}},"288":{"start":{"line":677,"column":21},"end":{"line":677,"column":24}},"289":{"start":{"line":679,"column":2},"end":{"line":679,"column":19}},"290":{"start":{"line":681,"column":2},"end":{"line":717,"column":3}},"291":{"start":{"line":682,"column":16},"end":{"line":682,"column":33}},"292":{"start":{"line":683,"column":20},"end":{"line":683,"column":51}},"293":{"start":{"line":684,"column":18},"end":{"line":684,"column":61}},"294":{"start":{"line":687,"column":4},"end":{"line":687,"column":26}},"295":{"start":{"line":688,"column":4},"end":{"line":688,"column":31}},"296":{"start":{"line":689,"column":4},"end":{"line":689,"column":27}},"297":{"start":{"line":690,"column":4},"end":{"line":690,"column":48}},"298":{"start":{"line":691,"column":4},"end":{"line":691,"column":53}},"299":{"start":{"line":694,"column":4},"end":{"line":714,"column":5}},"300":{"start":{"line":695,"column":6},"end":{"line":695,"column":30}},"301":{"start":{"line":697,"column":6},"end":{"line":698,"column":45}},"302":{"start":{"line":698,"column":8},"end":{"line":698,"column":45}},"303":{"start":{"line":699,"column":6},"end":{"line":699,"column":45}},"304":{"start":{"line":700,"column":6},"end":{"line":700,"column":52}},"305":{"start":{"line":701,"column":11},"end":{"line":714,"column":5}},"306":{"start":{"line":702,"column":6},"end":{"line":702,"column":52}},"307":{"start":{"line":704,"column":19},"end":{"line":704,"column":47}},"308":{"start":{"line":705,"column":6},"end":{"line":705,"column":44}},"309":{"start":{"line":706,"column":6},"end":{"line":706,"column":37}},"310":{"start":{"line":708,"column":6},"end":{"line":708,"column":56}},"311":{"start":{"line":709,"column":6},"end":{"line":709,"column":52}},"312":{"start":{"line":711,"column":24},"end":{"line":711,"column":66}},"313":{"start":{"line":712,"column":6},"end":{"line":712,"column":49}},"314":{"start":{"line":713,"column":6},"end":{"line":713,"column":42}},"315":{"start":{"line":715,"column":4},"end":{"line":715,"column":29}},"316":{"start":{"line":716,"column":4},"end":{"line":716,"column":25}},"317":{"start":{"line":718,"column":2},"end":{"line":718,"column":13}},"318":{"start":{"line":721,"column":14},"end":{"line":834,"column":1}},"319":{"start":{"line":722,"column":15},"end":{"line":722,"column":17}},"320":{"start":{"line":724,"column":12},"end":{"line":724,"column":14}},"321":{"start":{"line":726,"column":14},"end":{"line":726,"column":16}},"322":{"start":{"line":727,"column":14},"end":{"line":727,"column":16}},"323":{"start":{"line":728,"column":21},"end":{"line":728,"column":22}},"324":{"start":{"line":729,"column":13},"end":{"line":729,"column":15}},"325":{"start":{"line":730,"column":15},"end":{"line":730,"column":17}},"326":{"start":{"line":734,"column":2},"end":{"line":734,"column":49}},"327":{"start":{"line":735,"column":63},"end":{"line":735,"column":64}},"328":{"start":{"line":736,"column":2},"end":{"line":736,"column":55}},"329":{"start":{"line":737,"column":2},"end":{"line":737,"column":49}},"330":{"start":{"line":739,"column":2},"end":{"line":814,"column":3}},"331":{"start":{"line":741,"column":4},"end":{"line":741,"column":25}},"332":{"start":{"line":742,"column":4},"end":{"line":742,"column":16}},"333":{"start":{"line":743,"column":4},"end":{"line":780,"column":5}},"334":{"start":{"line":744,"column":6},"end":{"line":744,"column":64}},"335":{"start":{"line":744,"column":55},"end":{"line":744,"column":64}},"336":{"start":{"line":745,"column":6},"end":{"line":745,"column":17}},"337":{"start":{"line":746,"column":6},"end":{"line":746,"column":70}},"338":{"start":{"line":746,"column":18},"end":{"line":746,"column":70}},"339":{"start":{"line":747,"column":6},"end":{"line":747,"column":18}},"340":{"start":{"line":749,"column":6},"end":{"line":754,"column":7}},"341":{"start":{"line":750,"column":8},"end":{"line":750,"column":64}},"342":{"start":{"line":751,"column":8},"end":{"line":751,"column":41}},"343":{"start":{"line":752,"column":8},"end":{"line":752,"column":48}},"344":{"start":{"line":753,"column":8},"end":{"line":753,"column":14}},"345":{"start":{"line":756,"column":6},"end":{"line":756,"column":80}},"346":{"start":{"line":757,"column":6},"end":{"line":757,"column":25}},"347":{"start":{"line":758,"column":6},"end":{"line":758,"column":32}},"348":{"start":{"line":760,"column":6},"end":{"line":762,"column":7}},"349":{"start":{"line":761,"column":8},"end":{"line":761,"column":54}},"350":{"start":{"line":763,"column":6},"end":{"line":765,"column":7}},"351":{"start":{"line":764,"column":8},"end":{"line":764,"column":35}},"352":{"start":{"line":767,"column":6},"end":{"line":773,"column":7}},"353":{"start":{"line":772,"column":8},"end":{"line":772,"column":33}},"354":{"start":{"line":775,"column":6},"end":{"line":777,"column":7}},"355":{"start":{"line":776,"column":8},"end":{"line":776,"column":43}},"356":{"start":{"line":779,"column":6},"end":{"line":779,"column":12}},"357":{"start":{"line":782,"column":4},"end":{"line":782,"column":31}},"358":{"start":{"line":782,"column":22},"end":{"line":782,"column":31}},"359":{"start":{"line":784,"column":4},"end":{"line":813,"column":5}},"360":{"start":{"line":785,"column":6},"end":{"line":807,"column":7}},"361":{"start":{"line":786,"column":28},"end":{"line":786,"column":33}},"362":{"start":{"line":787,"column":8},"end":{"line":805,"column":9}},"363":{"start":{"line":788,"column":10},"end":{"line":804,"column":11}},"364":{"start":{"line":789,"column":12},"end":{"line":789,"column":33}},"365":{"start":{"line":790,"column":12},"end":{"line":790,"column":35}},"366":{"start":{"line":791,"column":12},"end":{"line":791,"column":28}},"367":{"start":{"line":793,"column":12},"end":{"line":803,"column":13}},"368":{"start":{"line":794,"column":14},"end":{"line":802,"column":15}},"369":{"start":{"line":795,"column":29},"end":{"line":795,"column":41}},"370":{"start":{"line":796,"column":16},"end":{"line":801,"column":29}},"371":{"start":{"line":797,"column":18},"end":{"line":797,"column":41}},"372":{"start":{"line":798,"column":18},"end":{"line":798,"column":24}},"373":{"start":{"line":799,"column":23},"end":{"line":801,"column":29}},"374":{"start":{"line":800,"column":18},"end":{"line":800,"column":40}},"375":{"start":{"line":801,"column":23},"end":{"line":801,"column":29}},"376":{"start":{"line":806,"column":8},"end":{"line":806,"column":33}},"377":{"start":{"line":806,"column":27},"end":{"line":806,"column":33}},"378":{"start":{"line":809,"column":6},"end":{"line":812,"column":7}},"379":{"start":{"line":810,"column":8},"end":{"line":810,"column":28}},"380":{"start":{"line":811,"column":8},"end":{"line":811,"column":31}},"381":{"start":{"line":816,"column":2},"end":{"line":816,"column":66}},"382":{"start":{"line":816,"column":14},"end":{"line":816,"column":66}},"383":{"start":{"line":819,"column":12},"end":{"line":828,"column":3}},"384":{"start":{"line":833,"column":2},"end":{"line":833,"column":13}},"385":{"start":{"line":836,"column":13},"end":{"line":836,"column":77}},"386":{"start":{"line":836,"column":29},"end":{"line":836,"column":76}}},"fnMap":{"0":{"name":"(anonymous_0)","decl":{"start":{"line":7,"column":7},"end":{"line":7,"column":8}},"loc":{"start":{"line":7,"column":15},"end":{"line":7,"column":24}},"line":7},"1":{"name":"(anonymous_1)","decl":{"start":{"line":9,"column":14},"end":{"line":9,"column":15}},"loc":{"start":{"line":9,"column":27},"end":{"line":9,"column":69}},"line":9},"2":{"name":"(anonymous_2)","decl":{"start":{"line":11,"column":24},"end":{"line":11,"column":25}},"loc":{"start":{"line":12,"column":2},"end":{"line":12,"column":50}},"line":12},"3":{"name":"(anonymous_3)","decl":{"start":{"line":14,"column":19},"end":{"line":14,"column":20}},"loc":{"start":{"line":15,"column":2},"end":{"line":15,"column":64}},"line":15},"4":{"name":"(anonymous_4)","decl":{"start":{"line":17,"column":18},"end":{"line":17,"column":19}},"loc":{"start":{"line":18,"column":2},"end":{"line":20,"column":9}},"line":18},"5":{"name":"(anonymous_5)","decl":{"start":{"line":22,"column":14},"end":{"line":22,"column":15}},"loc":{"start":{"line":22,"column":21},"end":{"line":36,"column":1}},"line":22},"6":{"name":"(anonymous_6)","decl":{"start":{"line":38,"column":19},"end":{"line":38,"column":20}},"loc":{"start":{"line":38,"column":28},"end":{"line":53,"column":1}},"line":38},"7":{"name":"(anonymous_7)","decl":{"start":{"line":55,"column":22},"end":{"line":55,"column":23}},"loc":{"start":{"line":55,"column":31},"end":{"line":137,"column":1}},"line":55},"8":{"name":"(anonymous_8)","decl":{"start":{"line":56,"column":19},"end":{"line":56,"column":20}},"loc":{"start":{"line":56,"column":31},"end":{"line":69,"column":3}},"line":56},"9":{"name":"(anonymous_9)","decl":{"start":{"line":71,"column":17},"end":{"line":71,"column":18}},"loc":{"start":{"line":71,"column":24},"end":{"line":83,"column":3}},"line":71},"10":{"name":"(anonymous_10)","decl":{"start":{"line":139,"column":24},"end":{"line":139,"column":25}},"loc":{"start":{"line":139,"column":33},"end":{"line":183,"column":1}},"line":139},"11":{"name":"(anonymous_11)","decl":{"start":{"line":185,"column":23},"end":{"line":185,"column":24}},"loc":{"start":{"line":185,"column":32},"end":{"line":216,"column":1}},"line":185},"12":{"name":"(anonymous_12)","decl":{"start":{"line":218,"column":22},"end":{"line":218,"column":23}},"loc":{"start":{"line":218,"column":31},"end":{"line":242,"column":1}},"line":218},"13":{"name":"(anonymous_13)","decl":{"start":{"line":244,"column":22},"end":{"line":244,"column":23}},"loc":{"start":{"line":244,"column":31},"end":{"line":270,"column":1}},"line":244},"14":{"name":"(anonymous_14)","decl":{"start":{"line":272,"column":28},"end":{"line":272,"column":29}},"loc":{"start":{"line":272,"column":37},"end":{"line":314,"column":1}},"line":272},"15":{"name":"(anonymous_15)","decl":{"start":{"line":304,"column":22},"end":{"line":304,"column":23}},"loc":{"start":{"line":304,"column":32},"end":{"line":311,"column":3}},"line":304},"16":{"name":"(anonymous_16)","decl":{"start":{"line":316,"column":22},"end":{"line":316,"column":23}},"loc":{"start":{"line":316,"column":31},"end":{"line":346,"column":1}},"line":316},"17":{"name":"(anonymous_17)","decl":{"start":{"line":348,"column":22},"end":{"line":348,"column":23}},"loc":{"start":{"line":348,"column":51},"end":{"line":530,"column":1}},"line":348},"18":{"name":"(anonymous_18)","decl":{"start":{"line":672,"column":24},"end":{"line":672,"column":25}},"loc":{"start":{"line":672,"column":36},"end":{"line":719,"column":1}},"line":672},"19":{"name":"(anonymous_19)","decl":{"start":{"line":674,"column":17},"end":{"line":674,"column":18}},"loc":{"start":{"line":674,"column":28},"end":{"line":674,"column":73}},"line":674},"20":{"name":"(anonymous_20)","decl":{"start":{"line":721,"column":14},"end":{"line":721,"column":15}},"loc":{"start":{"line":721,"column":68},"end":{"line":834,"column":1}},"line":721},"21":{"name":"(anonymous_21)","decl":{"start":{"line":836,"column":13},"end":{"line":836,"column":14}},"loc":{"start":{"line":836,"column":29},"end":{"line":836,"column":76}},"line":836}},"branchMap":{"0":{"loc":{"start":{"line":9,"column":27},"end":{"line":9,"column":69}},"type":"binary-expr","locations":[{"start":{"line":9,"column":27},"end":{"line":9,"column":39}},{"start":{"line":9,"column":43},"end":{"line":9,"column":69}}],"line":9},"1":{"loc":{"start":{"line":18,"column":2},"end":{"line":20,"column":9}},"type":"cond-expr","locations":[{"start":{"line":19,"column":6},"end":{"line":19,"column":34}},{"start":{"line":20,"column":6},"end":{"line":20,"column":9}}],"line":18},"2":{"loc":{"start":{"line":18,"column":2},"end":{"line":18,"column":52}},"type":"binary-expr","locations":[{"start":{"line":18,"column":2},"end":{"line":18,"column":5}},{"start":{"line":18,"column":9},"end":{"line":18,"column":22}},{"start":{"line":18,"column":26},"end":{"line":18,"column":52}}],"line":18},"3":{"loc":{"start":{"line":26,"column":4},"end":{"line":32,"column":15}},"type":"if","locations":[{"start":{"line":26,"column":4},"end":{"line":32,"column":15}},{"start":{"line":26,"column":4},"end":{"line":32,"column":15}}],"line":26},"4":{"loc":{"start":{"line":27,"column":6},"end":{"line":30,"column":71}},"type":"binary-expr","locations":[{"start":{"line":27,"column":6},"end":{"line":27,"column":20}},{"start":{"line":28,"column":6},"end":{"line":28,"column":25}},{"start":{"line":29,"column":7},"end":{"line":29,"column":27}},{"start":{"line":29,"column":31},"end":{"line":29,"column":49}},{"start":{"line":30,"column":7},"end":{"line":30,"column":38}},{"start":{"line":30,"column":42},"end":{"line":30,"column":70}}],"line":27},"5":{"loc":{"start":{"line":63,"column":8},"end":{"line":63,"column":49}},"type":"if","locations":[{"start":{"line":63,"column":8},"end":{"line":63,"column":49}},{"start":{"line":63,"column":8},"end":{"line":63,"column":49}}],"line":63},"6":{"loc":{"start":{"line":72,"column":4},"end":{"line":72,"column":41}},"type":"if","locations":[{"start":{"line":72,"column":4},"end":{"line":72,"column":41}},{"start":{"line":72,"column":4},"end":{"line":72,"column":41}}],"line":72},"7":{"loc":{"start":{"line":75,"column":6},"end":{"line":80,"column":25}},"type":"if","locations":[{"start":{"line":75,"column":6},"end":{"line":80,"column":25}},{"start":{"line":75,"column":6},"end":{"line":80,"column":25}}],"line":75},"8":{"loc":{"start":{"line":76,"column":8},"end":{"line":78,"column":42}},"type":"binary-expr","locations":[{"start":{"line":76,"column":8},"end":{"line":76,"column":40}},{"start":{"line":77,"column":8},"end":{"line":77,"column":44}},{"start":{"line":78,"column":8},"end":{"line":78,"column":42}}],"line":76},"9":{"loc":{"start":{"line":97,"column":2},"end":{"line":123,"column":3}},"type":"if","locations":[{"start":{"line":97,"column":2},"end":{"line":123,"column":3}},{"start":{"line":97,"column":2},"end":{"line":123,"column":3}}],"line":97},"10":{"loc":{"start":{"line":101,"column":9},"end":{"line":123,"column":3}},"type":"if","locations":[{"start":{"line":101,"column":9},"end":{"line":123,"column":3}},{"start":{"line":101,"column":9},"end":{"line":123,"column":3}}],"line":101},"11":{"loc":{"start":{"line":106,"column":4},"end":{"line":108,"column":5}},"type":"if","locations":[{"start":{"line":106,"column":4},"end":{"line":108,"column":5}},{"start":{"line":106,"column":4},"end":{"line":108,"column":5}}],"line":106},"12":{"loc":{"start":{"line":106,"column":8},"end":{"line":106,"column":60}},"type":"binary-expr","locations":[{"start":{"line":106,"column":8},"end":{"line":106,"column":21}},{"start":{"line":106,"column":25},"end":{"line":106,"column":60}}],"line":106},"13":{"loc":{"start":{"line":110,"column":4},"end":{"line":110,"column":45}},"type":"if","locations":[{"start":{"line":110,"column":4},"end":{"line":110,"column":45}},{"start":{"line":110,"column":4},"end":{"line":110,"column":45}}],"line":110},"14":{"loc":{"start":{"line":111,"column":4},"end":{"line":122,"column":5}},"type":"if","locations":[{"start":{"line":111,"column":4},"end":{"line":122,"column":5}},{"start":{"line":111,"column":4},"end":{"line":122,"column":5}}],"line":111},"15":{"loc":{"start":{"line":111,"column":8},"end":{"line":111,"column":37}},"type":"binary-expr","locations":[{"start":{"line":111,"column":8},"end":{"line":111,"column":15}},{"start":{"line":111,"column":19},"end":{"line":111,"column":25}},{"start":{"line":111,"column":29},"end":{"line":111,"column":37}}],"line":111},"16":{"loc":{"start":{"line":125,"column":11},"end":{"line":125,"column":44}},"type":"cond-expr","locations":[{"start":{"line":125,"column":20},"end":{"line":125,"column":37}},{"start":{"line":125,"column":40},"end":{"line":125,"column":44}}],"line":125},"17":{"loc":{"start":{"line":126,"column":2},"end":{"line":131,"column":3}},"type":"if","locations":[{"start":{"line":126,"column":2},"end":{"line":131,"column":3}},{"start":{"line":126,"column":2},"end":{"line":131,"column":3}}],"line":126},"18":{"loc":{"start":{"line":126,"column":6},"end":{"line":126,"column":43}},"type":"binary-expr","locations":[{"start":{"line":126,"column":6},"end":{"line":126,"column":14}},{"start":{"line":126,"column":18},"end":{"line":126,"column":24}},{"start":{"line":126,"column":28},"end":{"line":126,"column":43}}],"line":126},"19":{"loc":{"start":{"line":148,"column":2},"end":{"line":149,"column":45}},"type":"if","locations":[{"start":{"line":148,"column":2},"end":{"line":149,"column":45}},{"start":{"line":148,"column":2},"end":{"line":149,"column":45}}],"line":148},"20":{"loc":{"start":{"line":155,"column":2},"end":{"line":158,"column":3}},"type":"if","locations":[{"start":{"line":155,"column":2},"end":{"line":158,"column":3}},{"start":{"line":155,"column":2},"end":{"line":158,"column":3}}],"line":155},"21":{"loc":{"start":{"line":162,"column":2},"end":{"line":165,"column":3}},"type":"if","locations":[{"start":{"line":162,"column":2},"end":{"line":165,"column":3}},{"start":{"line":162,"column":2},"end":{"line":165,"column":3}}],"line":162},"22":{"loc":{"start":{"line":168,"column":2},"end":{"line":170,"column":3}},"type":"if","locations":[{"start":{"line":168,"column":2},"end":{"line":170,"column":3}},{"start":{"line":168,"column":2},"end":{"line":170,"column":3}}],"line":168},"23":{"loc":{"start":{"line":174,"column":2},"end":{"line":176,"column":3}},"type":"if","locations":[{"start":{"line":174,"column":2},"end":{"line":176,"column":3}},{"start":{"line":174,"column":2},"end":{"line":176,"column":3}}],"line":174},"24":{"loc":{"start":{"line":196,"column":2},"end":{"line":196,"column":72}},"type":"if","locations":[{"start":{"line":196,"column":2},"end":{"line":196,"column":72}},{"start":{"line":196,"column":2},"end":{"line":196,"column":72}}],"line":196},"25":{"loc":{"start":{"line":201,"column":2},"end":{"line":203,"column":3}},"type":"if","locations":[{"start":{"line":201,"column":2},"end":{"line":203,"column":3}},{"start":{"line":201,"column":2},"end":{"line":203,"column":3}}],"line":201},"26":{"loc":{"start":{"line":207,"column":2},"end":{"line":209,"column":3}},"type":"if","locations":[{"start":{"line":207,"column":2},"end":{"line":209,"column":3}},{"start":{"line":207,"column":2},"end":{"line":209,"column":3}}],"line":207},"27":{"loc":{"start":{"line":212,"column":13},"end":{"line":212,"column":48}},"type":"cond-expr","locations":[{"start":{"line":212,"column":22},"end":{"line":212,"column":43}},{"start":{"line":212,"column":46},"end":{"line":212,"column":48}}],"line":212},"28":{"loc":{"start":{"line":224,"column":2},"end":{"line":224,"column":77}},"type":"if","locations":[{"start":{"line":224,"column":2},"end":{"line":224,"column":77}},{"start":{"line":224,"column":2},"end":{"line":224,"column":77}}],"line":224},"29":{"loc":{"start":{"line":237,"column":4},"end":{"line":237,"column":39}},"type":"if","locations":[{"start":{"line":237,"column":4},"end":{"line":237,"column":39}},{"start":{"line":237,"column":4},"end":{"line":237,"column":39}}],"line":237},"30":{"loc":{"start":{"line":255,"column":4},"end":{"line":256,"column":46}},"type":"if","locations":[{"start":{"line":255,"column":4},"end":{"line":256,"column":46}},{"start":{"line":255,"column":4},"end":{"line":256,"column":46}}],"line":255},"31":{"loc":{"start":{"line":264,"column":4},"end":{"line":264,"column":62}},"type":"if","locations":[{"start":{"line":264,"column":4},"end":{"line":264,"column":62}},{"start":{"line":264,"column":4},"end":{"line":264,"column":62}}],"line":264},"32":{"loc":{"start":{"line":266,"column":15},"end":{"line":266,"column":40}},"type":"cond-expr","locations":[{"start":{"line":266,"column":30},"end":{"line":266,"column":32}},{"start":{"line":266,"column":35},"end":{"line":266,"column":40}}],"line":266},"33":{"loc":{"start":{"line":279,"column":2},"end":{"line":279,"column":65}},"type":"if","locations":[{"start":{"line":279,"column":2},"end":{"line":279,"column":65}},{"start":{"line":279,"column":2},"end":{"line":279,"column":65}}],"line":279},"34":{"loc":{"start":{"line":289,"column":4},"end":{"line":292,"column":5}},"type":"if","locations":[{"start":{"line":289,"column":4},"end":{"line":292,"column":5}},{"start":{"line":289,"column":4},"end":{"line":292,"column":5}}],"line":289},"35":{"loc":{"start":{"line":296,"column":4},"end":{"line":296,"column":55}},"type":"if","locations":[{"start":{"line":296,"column":4},"end":{"line":296,"column":55}},{"start":{"line":296,"column":4},"end":{"line":296,"column":55}}],"line":296},"36":{"loc":{"start":{"line":297,"column":4},"end":{"line":301,"column":45}},"type":"if","locations":[{"start":{"line":297,"column":4},"end":{"line":301,"column":45}},{"start":{"line":297,"column":4},"end":{"line":301,"column":45}}],"line":297},"37":{"loc":{"start":{"line":299,"column":11},"end":{"line":301,"column":45}},"type":"if","locations":[{"start":{"line":299,"column":11},"end":{"line":301,"column":45}},{"start":{"line":299,"column":11},"end":{"line":301,"column":45}}],"line":299},"38":{"loc":{"start":{"line":310,"column":13},"end":{"line":310,"column":65}},"type":"binary-expr","locations":[{"start":{"line":310,"column":13},"end":{"line":310,"column":26}},{"start":{"line":310,"column":30},"end":{"line":310,"column":65}}],"line":310},"39":{"loc":{"start":{"line":322,"column":2},"end":{"line":322,"column":59}},"type":"if","locations":[{"start":{"line":322,"column":2},"end":{"line":322,"column":59}},{"start":{"line":322,"column":2},"end":{"line":322,"column":59}}],"line":322},"40":{"loc":{"start":{"line":349,"column":2},"end":{"line":351,"column":3}},"type":"if","locations":[{"start":{"line":349,"column":2},"end":{"line":351,"column":3}},{"start":{"line":349,"column":2},"end":{"line":351,"column":3}}],"line":349},"41":{"loc":{"start":{"line":353,"column":2},"end":{"line":353,"column":68}},"type":"if","locations":[{"start":{"line":353,"column":2},"end":{"line":353,"column":68}},{"start":{"line":353,"column":2},"end":{"line":353,"column":68}}],"line":353},"42":{"loc":{"start":{"line":355,"column":2},"end":{"line":364,"column":3}},"type":"if","locations":[{"start":{"line":355,"column":2},"end":{"line":364,"column":3}},{"start":{"line":355,"column":2},"end":{"line":364,"column":3}}],"line":355},"43":{"loc":{"start":{"line":358,"column":4},"end":{"line":363,"column":5}},"type":"if","locations":[{"start":{"line":358,"column":4},"end":{"line":363,"column":5}},{"start":{"line":358,"column":4},"end":{"line":363,"column":5}}],"line":358},"44":{"loc":{"start":{"line":366,"column":2},"end":{"line":401,"column":3}},"type":"if","locations":[{"start":{"line":366,"column":2},"end":{"line":401,"column":3}},{"start":{"line":366,"column":2},"end":{"line":401,"column":3}}],"line":366},"45":{"loc":{"start":{"line":367,"column":4},"end":{"line":394,"column":5}},"type":"if","locations":[{"start":{"line":367,"column":4},"end":{"line":394,"column":5}},{"start":{"line":367,"column":4},"end":{"line":394,"column":5}}],"line":367},"46":{"loc":{"start":{"line":369,"column":11},"end":{"line":394,"column":5}},"type":"if","locations":[{"start":{"line":369,"column":11},"end":{"line":394,"column":5}},{"start":{"line":369,"column":11},"end":{"line":394,"column":5}}],"line":369},"47":{"loc":{"start":{"line":371,"column":11},"end":{"line":394,"column":5}},"type":"if","locations":[{"start":{"line":371,"column":11},"end":{"line":394,"column":5}},{"start":{"line":371,"column":11},"end":{"line":394,"column":5}}],"line":371},"48":{"loc":{"start":{"line":382,"column":11},"end":{"line":394,"column":5}},"type":"if","locations":[{"start":{"line":382,"column":11},"end":{"line":394,"column":5}},{"start":{"line":382,"column":11},"end":{"line":394,"column":5}}],"line":382},"49":{"loc":{"start":{"line":388,"column":11},"end":{"line":394,"column":5}},"type":"if","locations":[{"start":{"line":388,"column":11},"end":{"line":394,"column":5}},{"start":{"line":388,"column":11},"end":{"line":394,"column":5}}],"line":388},"50":{"loc":{"start":{"line":390,"column":11},"end":{"line":394,"column":5}},"type":"if","locations":[{"start":{"line":390,"column":11},"end":{"line":394,"column":5}},{"start":{"line":390,"column":11},"end":{"line":394,"column":5}}],"line":390},"51":{"loc":{"start":{"line":392,"column":11},"end":{"line":394,"column":5}},"type":"if","locations":[{"start":{"line":392,"column":11},"end":{"line":394,"column":5}},{"start":{"line":392,"column":11},"end":{"line":394,"column":5}}],"line":392},"52":{"loc":{"start":{"line":403,"column":2},"end":{"line":528,"column":3}},"type":"if","locations":[{"start":{"line":403,"column":2},"end":{"line":528,"column":3}},{"start":{"line":403,"column":2},"end":{"line":528,"column":3}}],"line":403},"53":{"loc":{"start":{"line":421,"column":4},"end":{"line":492,"column":5}},"type":"if","locations":[{"start":{"line":421,"column":4},"end":{"line":492,"column":5}},{"start":{"line":421,"column":4},"end":{"line":492,"column":5}}],"line":421},"54":{"loc":{"start":{"line":424,"column":23},"end":{"line":424,"column":44}},"type":"binary-expr","locations":[{"start":{"line":424,"column":23},"end":{"line":424,"column":31}},{"start":{"line":424,"column":35},"end":{"line":424,"column":44}}],"line":424},"55":{"loc":{"start":{"line":426,"column":20},"end":{"line":426,"column":34}},"type":"binary-expr","locations":[{"start":{"line":426,"column":20},"end":{"line":426,"column":28}},{"start":{"line":426,"column":32},"end":{"line":426,"column":34}}],"line":426},"56":{"loc":{"start":{"line":468,"column":6},"end":{"line":471,"column":7}},"type":"if","locations":[{"start":{"line":468,"column":6},"end":{"line":471,"column":7}},{"start":{"line":468,"column":6},"end":{"line":471,"column":7}}],"line":468},"57":{"loc":{"start":{"line":472,"column":29},"end":{"line":472,"column":46}},"type":"binary-expr","locations":[{"start":{"line":472,"column":29},"end":{"line":472,"column":40}},{"start":{"line":472,"column":44},"end":{"line":472,"column":46}}],"line":472},"58":{"loc":{"start":{"line":473,"column":16},"end":{"line":473,"column":58}},"type":"binary-expr","locations":[{"start":{"line":473,"column":16},"end":{"line":473,"column":27}},{"start":{"line":473,"column":31},"end":{"line":473,"column":42}},{"start":{"line":473,"column":46},"end":{"line":473,"column":58}}],"line":473},"59":{"loc":{"start":{"line":474,"column":23},"end":{"line":474,"column":55}},"type":"binary-expr","locations":[{"start":{"line":474,"column":23},"end":{"line":474,"column":34}},{"start":{"line":474,"column":38},"end":{"line":474,"column":49}},{"start":{"line":474,"column":53},"end":{"line":474,"column":55}}],"line":474},"60":{"loc":{"start":{"line":476,"column":6},"end":{"line":491,"column":7}},"type":"if","locations":[{"start":{"line":476,"column":6},"end":{"line":491,"column":7}},{"start":{"line":476,"column":6},"end":{"line":491,"column":7}}],"line":476},"61":{"loc":{"start":{"line":479,"column":22},"end":{"line":479,"column":79}},"type":"cond-expr","locations":[{"start":{"line":479,"column":33},"end":{"line":479,"column":40}},{"start":{"line":479,"column":43},"end":{"line":479,"column":79}}],"line":479},"62":{"loc":{"start":{"line":479,"column":43},"end":{"line":479,"column":79}},"type":"cond-expr","locations":[{"start":{"line":479,"column":58},"end":{"line":479,"column":65}},{"start":{"line":479,"column":68},"end":{"line":479,"column":79}}],"line":479},"63":{"loc":{"start":{"line":481,"column":8},"end":{"line":483,"column":9}},"type":"if","locations":[{"start":{"line":481,"column":8},"end":{"line":483,"column":9}},{"start":{"line":481,"column":8},"end":{"line":483,"column":9}}],"line":481},"64":{"loc":{"start":{"line":501,"column":4},"end":{"line":527,"column":5}},"type":"if","locations":[{"start":{"line":501,"column":4},"end":{"line":527,"column":5}},{"start":{"line":501,"column":4},"end":{"line":527,"column":5}}],"line":501},"65":{"loc":{"start":{"line":514,"column":8},"end":{"line":517,"column":9}},"type":"if","locations":[{"start":{"line":514,"column":8},"end":{"line":517,"column":9}},{"start":{"line":514,"column":8},"end":{"line":517,"column":9}}],"line":514},"66":{"loc":{"start":{"line":520,"column":8},"end":{"line":522,"column":35}},"type":"if","locations":[{"start":{"line":520,"column":8},"end":{"line":522,"column":35}},{"start":{"line":520,"column":8},"end":{"line":522,"column":35}}],"line":520},"67":{"loc":{"start":{"line":673,"column":2},"end":{"line":673,"column":36}},"type":"if","locations":[{"start":{"line":673,"column":2},"end":{"line":673,"column":36}},{"start":{"line":673,"column":2},"end":{"line":673,"column":36}}],"line":673},"68":{"loc":{"start":{"line":694,"column":4},"end":{"line":714,"column":5}},"type":"if","locations":[{"start":{"line":694,"column":4},"end":{"line":714,"column":5}},{"start":{"line":694,"column":4},"end":{"line":714,"column":5}}],"line":694},"69":{"loc":{"start":{"line":697,"column":6},"end":{"line":698,"column":45}},"type":"if","locations":[{"start":{"line":697,"column":6},"end":{"line":698,"column":45}},{"start":{"line":697,"column":6},"end":{"line":698,"column":45}}],"line":697},"70":{"loc":{"start":{"line":701,"column":11},"end":{"line":714,"column":5}},"type":"if","locations":[{"start":{"line":701,"column":11},"end":{"line":714,"column":5}},{"start":{"line":701,"column":11},"end":{"line":714,"column":5}}],"line":701},"71":{"loc":{"start":{"line":721,"column":38},"end":{"line":721,"column":63}},"type":"default-arg","locations":[{"start":{"line":721,"column":45},"end":{"line":721,"column":63}}],"line":721},"72":{"loc":{"start":{"line":734,"column":11},"end":{"line":734,"column":48}},"type":"cond-expr","locations":[{"start":{"line":734,"column":29},"end":{"line":734,"column":39}},{"start":{"line":734,"column":42},"end":{"line":734,"column":48}}],"line":734},"73":{"loc":{"start":{"line":736,"column":11},"end":{"line":736,"column":54}},"type":"cond-expr","locations":[{"start":{"line":736,"column":33},"end":{"line":736,"column":34}},{"start":{"line":736,"column":37},"end":{"line":736,"column":54}}],"line":736},"74":{"loc":{"start":{"line":737,"column":11},"end":{"line":737,"column":48}},"type":"cond-expr","locations":[{"start":{"line":737,"column":33},"end":{"line":737,"column":35}},{"start":{"line":737,"column":38},"end":{"line":737,"column":48}}],"line":737},"75":{"loc":{"start":{"line":744,"column":6},"end":{"line":744,"column":64}},"type":"if","locations":[{"start":{"line":744,"column":6},"end":{"line":744,"column":64}},{"start":{"line":744,"column":6},"end":{"line":744,"column":64}}],"line":744},"76":{"loc":{"start":{"line":746,"column":6},"end":{"line":746,"column":70}},"type":"if","locations":[{"start":{"line":746,"column":6},"end":{"line":746,"column":70}},{"start":{"line":746,"column":6},"end":{"line":746,"column":70}}],"line":746},"77":{"loc":{"start":{"line":749,"column":6},"end":{"line":754,"column":7}},"type":"if","locations":[{"start":{"line":749,"column":6},"end":{"line":754,"column":7}},{"start":{"line":749,"column":6},"end":{"line":754,"column":7}}],"line":749},"78":{"loc":{"start":{"line":760,"column":6},"end":{"line":762,"column":7}},"type":"if","locations":[{"start":{"line":760,"column":6},"end":{"line":762,"column":7}},{"start":{"line":760,"column":6},"end":{"line":762,"column":7}}],"line":760},"79":{"loc":{"start":{"line":763,"column":6},"end":{"line":765,"column":7}},"type":"if","locations":[{"start":{"line":763,"column":6},"end":{"line":765,"column":7}},{"start":{"line":763,"column":6},"end":{"line":765,"column":7}}],"line":763},"80":{"loc":{"start":{"line":767,"column":6},"end":{"line":773,"column":7}},"type":"if","locations":[{"start":{"line":767,"column":6},"end":{"line":773,"column":7}},{"start":{"line":767,"column":6},"end":{"line":773,"column":7}}],"line":767},"81":{"loc":{"start":{"line":768,"column":8},"end":{"line":770,"column":37}},"type":"binary-expr","locations":[{"start":{"line":768,"column":8},"end":{"line":768,"column":41}},{"start":{"line":769,"column":8},"end":{"line":769,"column":35}},{"start":{"line":770,"column":8},"end":{"line":770,"column":37}}],"line":768},"82":{"loc":{"start":{"line":775,"column":6},"end":{"line":777,"column":7}},"type":"if","locations":[{"start":{"line":775,"column":6},"end":{"line":777,"column":7}},{"start":{"line":775,"column":6},"end":{"line":777,"column":7}}],"line":775},"83":{"loc":{"start":{"line":782,"column":4},"end":{"line":782,"column":31}},"type":"if","locations":[{"start":{"line":782,"column":4},"end":{"line":782,"column":31}},{"start":{"line":782,"column":4},"end":{"line":782,"column":31}}],"line":782},"84":{"loc":{"start":{"line":784,"column":4},"end":{"line":813,"column":5}},"type":"if","locations":[{"start":{"line":784,"column":4},"end":{"line":813,"column":5}},{"start":{"line":784,"column":4},"end":{"line":813,"column":5}}],"line":784},"85":{"loc":{"start":{"line":785,"column":6},"end":{"line":807,"column":7}},"type":"if","locations":[{"start":{"line":785,"column":6},"end":{"line":807,"column":7}},{"start":{"line":785,"column":6},"end":{"line":807,"column":7}}],"line":785},"86":{"loc":{"start":{"line":788,"column":10},"end":{"line":804,"column":11}},"type":"if","locations":[{"start":{"line":788,"column":10},"end":{"line":804,"column":11}},{"start":{"line":788,"column":10},"end":{"line":804,"column":11}}],"line":788},"87":{"loc":{"start":{"line":793,"column":12},"end":{"line":803,"column":13}},"type":"if","locations":[{"start":{"line":793,"column":12},"end":{"line":803,"column":13}},{"start":{"line":793,"column":12},"end":{"line":803,"column":13}}],"line":793},"88":{"loc":{"start":{"line":796,"column":16},"end":{"line":801,"column":29}},"type":"if","locations":[{"start":{"line":796,"column":16},"end":{"line":801,"column":29}},{"start":{"line":796,"column":16},"end":{"line":801,"column":29}}],"line":796},"89":{"loc":{"start":{"line":799,"column":23},"end":{"line":801,"column":29}},"type":"if","locations":[{"start":{"line":799,"column":23},"end":{"line":801,"column":29}},{"start":{"line":799,"column":23},"end":{"line":801,"column":29}}],"line":799},"90":{"loc":{"start":{"line":806,"column":8},"end":{"line":806,"column":33}},"type":"if","locations":[{"start":{"line":806,"column":8},"end":{"line":806,"column":33}},{"start":{"line":806,"column":8},"end":{"line":806,"column":33}}],"line":806},"91":{"loc":{"start":{"line":809,"column":6},"end":{"line":812,"column":7}},"type":"if","locations":[{"start":{"line":809,"column":6},"end":{"line":812,"column":7}},{"start":{"line":809,"column":6},"end":{"line":812,"column":7}}],"line":809},"92":{"loc":{"start":{"line":816,"column":2},"end":{"line":816,"column":66}},"type":"if","locations":[{"start":{"line":816,"column":2},"end":{"line":816,"column":66}},{"start":{"line":816,"column":2},"end":{"line":816,"column":66}}],"line":816},"93":{"loc":{"start":{"line":823,"column":16},"end":{"line":823,"column":64}},"type":"cond-expr","locations":[{"start":{"line":823,"column":32},"end":{"line":823,"column":57}},{"start":{"line":823,"column":60},"end":{"line":823,"column":64}}],"line":823},"94":{"loc":{"start":{"line":836,"column":29},"end":{"line":836,"column":76}},"type":"cond-expr","locations":[{"start":{"line":836,"column":35},"end":{"line":836,"column":71}},{"start":{"line":836,"column":74},"end":{"line":836,"column":76}}],"line":836}},"s":{"0":4,"1":4,"2":740,"3":4,"4":7535159,"5":4,"6":4697,"7":4,"8":4477,"9":4,"10":3056,"11":4,"12":11347,"13":11347,"14":63710,"15":63710,"16":24936,"17":38774,"18":11347,"19":4,"20":2126,"21":2126,"22":2126,"23":2126,"24":13396,"25":13396,"26":13396,"27":2126,"28":4,"29":142,"30":32,"31":32,"32":32,"33":170,"34":170,"35":80,"36":14,"37":18,"38":142,"39":142,"40":40,"41":102,"42":102,"43":5698,"44":76,"45":26,"46":142,"47":142,"48":142,"49":142,"50":142,"51":142,"52":142,"53":142,"54":8,"55":8,"56":8,"57":134,"58":32,"59":32,"60":32,"61":102,"62":70,"63":102,"64":32,"65":102,"66":88,"67":88,"68":12,"69":130,"70":130,"71":112,"72":18,"73":4,"74":1422,"75":1422,"76":1422,"77":0,"78":1422,"79":1422,"80":1422,"81":0,"82":0,"83":1422,"84":1422,"85":591,"86":591,"87":1422,"88":194,"89":1228,"90":1228,"91":0,"92":1228,"93":1228,"94":1228,"95":1228,"96":4,"97":3,"98":3,"99":3,"100":0,"101":3,"102":3,"103":3,"104":0,"105":3,"106":3,"107":2,"108":3,"109":3,"110":4,"111":3,"112":3,"113":3,"114":0,"115":3,"116":3,"117":3,"118":9,"119":9,"120":3,"121":3,"122":15,"123":6,"124":9,"125":9,"126":3,"127":4,"128":28,"129":28,"130":28,"131":28,"132":606,"133":0,"134":606,"135":606,"136":606,"137":606,"138":606,"139":606,"140":0,"141":606,"142":606,"143":28,"144":4,"145":19,"146":19,"147":19,"148":19,"149":19,"150":0,"151":19,"152":19,"153":19,"154":19,"155":321,"156":321,"157":69,"158":69,"159":252,"160":252,"161":252,"162":108,"163":252,"164":108,"165":144,"166":24,"167":120,"168":19,"169":108,"170":19,"171":4,"172":3,"173":3,"174":3,"175":3,"176":0,"177":3,"178":3,"179":3,"180":9,"181":9,"182":3,"183":4,"184":11342,"185":1422,"186":9920,"187":3,"188":9917,"189":146,"190":146,"191":146,"192":146,"193":0,"194":9771,"195":2706,"196":2126,"197":580,"198":3,"199":577,"200":2,"201":2,"202":575,"203":0,"204":0,"205":575,"206":142,"207":433,"208":19,"209":414,"210":3,"211":411,"212":7065,"213":4586,"214":4586,"215":4477,"216":4477,"217":4477,"218":4477,"219":4477,"220":4477,"221":4477,"222":0,"223":4477,"224":4477,"225":4477,"226":4477,"227":4471,"228":4471,"229":4471,"230":4471,"231":178,"232":4471,"233":4471,"234":115,"235":115,"236":115,"237":115,"238":113,"239":113,"240":113,"241":113,"242":113,"243":113,"244":113,"245":113,"246":113,"247":113,"248":598,"249":391,"250":391,"251":207,"252":51,"253":156,"254":113,"255":113,"256":2481,"257":4,"258":4,"259":4,"260":4,"261":4,"262":4,"263":4,"264":4,"265":4,"266":4,"267":4,"268":4,"269":4,"270":4,"271":4,"272":4,"273":4,"274":4,"275":4,"276":4,"277":4,"278":4,"279":4,"280":4,"281":4,"282":11342,"283":11339,"284":3,"285":164,"286":3,"287":3,"288":3,"289":3,"290":3,"291":164,"292":164,"293":164,"294":164,"295":164,"296":164,"297":164,"298":164,"299":164,"300":37,"301":37,"302":37,"303":37,"304":37,"305":127,"306":93,"307":93,"308":93,"309":93,"310":34,"311":34,"312":34,"313":34,"314":34,"315":164,"316":164,"317":3,"318":4,"319":11342,"320":11342,"321":11342,"322":11342,"323":11342,"324":11342,"325":11342,"326":11342,"327":11342,"328":11342,"329":11342,"330":11342,"331":1118093,"332":1118093,"333":1118093,"334":6594131,"335":6584785,"336":9346,"337":9346,"338":7740,"339":9346,"340":9346,"341":23,"342":23,"343":23,"344":23,"345":9323,"346":9323,"347":9323,"348":9323,"349":1422,"350":9323,"351":164,"352":9323,"353":113,"354":9323,"355":3,"356":9323,"357":1118093,"358":23,"359":1118070,"360":1108747,"361":882950,"362":882950,"363":936274,"364":9901,"365":9901,"366":9901,"367":9901,"368":4586,"369":4754,"370":4754,"371":3,"372":3,"373":4751,"374":210,"375":4541,"376":882950,"377":9901,"378":1098846,"379":1098846,"380":1098846,"381":11342,"382":9109,"383":11342,"384":11342,"385":4,"386":1422},"f":{"0":740,"1":7535159,"2":4697,"3":4477,"4":3056,"5":11347,"6":2126,"7":142,"8":32,"9":142,"10":1422,"11":3,"12":3,"13":28,"14":19,"15":108,"16":3,"17":11342,"18":11342,"19":164,"20":11342,"21":1422},"b":{"0":[7535159,29584],"1":[472,2584],"2":[3056,997,472],"3":[24936,38774],"4":[63710,52371,50091,20174,38774,0],"5":[80,90],"6":[40,102],"7":[76,5622],"8":[5698,5654,5632],"9":[8,134],"10":[32,102],"11":[70,32],"12":[102,90],"13":[32,70],"14":[88,14],"15":[102,102,88],"16":[112,18],"17":[112,18],"18":[130,130,116],"19":[0,1422],"20":[0,1422],"21":[591,831],"22":[194,1228],"23":[0,1228],"24":[0,3],"25":[0,3],"26":[2,1],"27":[2,1],"28":[0,3],"29":[6,9],"30":[0,606],"31":[0,606],"32":[24,582],"33":[0,19],"34":[69,252],"35":[108,144],"36":[108,144],"37":[24,120],"38":[108,84],"39":[0,3],"40":[1422,9920],"41":[3,9917],"42":[146,9771],"43":[146,0],"44":[2706,7065],"45":[2126,580],"46":[3,577],"47":[2,575],"48":[0,575],"49":[142,433],"50":[19,414],"51":[3,411],"52":[4586,2479],"53":[4477,109],"54":[4477,1495],"55":[4477,4299],"56":[0,4477],"57":[4477,4431],"58":[4477,4212,6],"59":[4477,4212,4003],"60":[4471,6],"61":[2981,1490],"62":[6,1484],"63":[178,4293],"64":[113,2],"65":[391,207],"66":[51,156],"67":[11339,3],"68":[37,127],"69":[37,0],"70":[93,34],"71":[11342],"72":[2019,9323],"73":[2019,9323],"74":[2019,9323],"75":[6584785,9346],"76":[7740,1606],"77":[23,9323],"78":[1422,7901],"79":[164,9159],"80":[113,9210],"81":[9323,4586,113],"82":[3,9320],"83":[23,1118070],"84":[1108747,9323],"85":[882950,225797],"86":[9901,926373],"87":[4586,5315],"88":[3,4751],"89":[210,4541],"90":[9901,873049],"91":[1098846,0],"92":[9109,2233],"93":[11342,0],"94":[1413,9]},"_coverageSchema":"1a1c01bbd47fc00a2c39e90264f33305004495a9","hash":"b1c30981575580484ac7158fc39c8b6599b640bd"}
,"/Users/hoangnam/Dev/Templates/ReactJS/src/wiki_parser/test_input.js": {"path":"/Users/hoangnam/Dev/Templates/ReactJS/src/wiki_parser/test_input.js","statementMap":{"0":{"start":{"line":1,"column":17},"end":{"line":1,"column":358289}}},"fnMap":{},"branchMap":{},"s":{"0":2},"f":{},"b":{},"_coverageSchema":"1a1c01bbd47fc00a2c39e90264f33305004495a9","hash":"2660752936e37f21e95e171988ddda6dd74f77ae"}
}
