TN:
SF:src/WikiWrapper/index.js
FN:3,(anonymous_0)
FN:5,(anonymous_1)
FN:9,(anonymous_2)
FN:15,(anonymous_3)
FN:24,(anonymous_4)
FNF:5
FNH:4
FNDA:6,(anonymous_0)
FNDA:24,(anonymous_1)
FNDA:12,(anonymous_2)
FNDA:12,(anonymous_3)
FNDA:0,(anonymous_4)
DA:3,6
DA:5,3
DA:6,24
DA:9,12
DA:15,12
DA:24,3
LF:6
LH:6
BRDA:15,0,0,12
BRF:1
BRH:1
end_of_record
TN:
SF:src/components/WikiApp/Article/index.js
FN:23,(anonymous_0)
FNF:1
FNH:1
FNDA:12,(anonymous_0)
DA:12,2
DA:23,2
DA:24,12
DA:25,12
DA:26,12
DA:28,12
LF:6
LH:6
BRDA:24,0,0,12
BRDA:24,0,1,0
BRF:2
BRH:1
end_of_record
TN:
SF:src/components/WikiApp/Content/index.js
FN:4,(anonymous_0)
FN:9,(anonymous_1)
FNF:2
FNH:1
FNDA:12,(anonymous_0)
FNDA:0,(anonymous_1)
DA:4,2
DA:5,12
DA:7,0
DA:10,0
LF:4
LH:2
BRDA:5,0,0,12
BRDA:5,0,1,0
BRF:2
BRH:1
end_of_record
TN:
SF:src/components/WikiApp/Elements/index.js
FN:6,(anonymous_0)
FN:8,(anonymous_1)
FN:22,(anonymous_2)
FN:55,(anonymous_3)
FN:59,(anonymous_4)
FN:67,(anonymous_5)
FN:86,(anonymous_6)
FN:111,(anonymous_7)
FN:138,(anonymous_8)
FN:164,(anonymous_9)
FN:194,(anonymous_10)
FNF:11
FNH:10
FNDA:7986,(anonymous_0)
FNDA:3993,(anonymous_1)
FNDA:78,(anonymous_2)
FNDA:1452,(anonymous_3)
FNDA:1452,(anonymous_4)
FNDA:151,(anonymous_5)
FNDA:27,(anonymous_6)
FNDA:6481,(anonymous_7)
FNDA:903,(anonymous_8)
FNDA:3,(anonymous_9)
FNDA:0,(anonymous_10)
DA:6,2
DA:7,7986
DA:8,7986
DA:9,3993
DA:10,3993
DA:11,3993
DA:12,4303
DA:13,4303
DA:14,310
DA:17,3993
DA:19,7986
DA:22,2
DA:23,78
DA:48,78
DA:55,2
DA:56,1452
DA:60,1452
DA:67,2
DA:68,151
DA:80,17
DA:82,17
DA:83,6
DA:87,27
DA:92,11
DA:93,11
DA:108,0
DA:111,2
DA:112,6481
DA:114,6481
DA:116,6480
DA:117,2
DA:124,6478
DA:125,2
DA:128,6476
DA:129,3993
DA:132,2483
DA:133,151
DA:137,2332
DA:138,903
DA:141,2332
DA:142,34
DA:145,2298
DA:146,64
DA:149,2234
DA:150,0
DA:153,2234
DA:154,0
DA:157,2234
DA:158,78
DA:161,2156
DA:162,1
DA:165,3
DA:171,2155
DA:172,1530
DA:173,1530
DA:174,1452
DA:176,78
DA:177,77
DA:179,77
DA:181,0
DA:184,0
DA:194,0
DA:202,625
DA:203,625
DA:209,448
DA:215,177
DA:221,78
LF:67
LH:61
BRDA:13,0,0,310
BRDA:13,0,1,3993
BRDA:68,1,0,134
BRDA:68,1,1,17
BRDA:68,2,0,151
BRDA:68,2,1,18
BRDA:82,3,0,6
BRDA:82,3,1,11
BRDA:85,4,0,6
BRDA:85,4,1,6
BRDA:92,5,0,11
BRDA:92,5,1,0
BRDA:99,6,0,11
BRDA:99,6,1,1
BRDA:99,6,2,0
BRDA:102,7,0,11
BRDA:102,7,1,1
BRDA:102,7,2,0
BRDA:114,8,0,1
BRDA:114,8,1,6480
BRDA:116,9,0,2
BRDA:116,9,1,6478
BRDA:124,10,0,2
BRDA:124,10,1,6476
BRDA:128,11,0,3993
BRDA:128,11,1,2483
BRDA:132,12,0,151
BRDA:132,12,1,2332
BRDA:137,13,0,729
BRDA:137,13,1,1603
BRDA:141,14,0,34
BRDA:141,14,1,2298
BRDA:145,15,0,64
BRDA:145,15,1,2234
BRDA:149,16,0,0
BRDA:149,16,1,2234
BRDA:153,17,0,0
BRDA:153,17,1,2234
BRDA:157,18,0,78
BRDA:157,18,1,2156
BRDA:161,19,0,1
BRDA:161,19,1,2155
BRDA:171,20,0,1530
BRDA:171,20,1,625
BRDA:173,21,0,1452
BRDA:173,21,1,78
BRDA:176,22,0,77
BRDA:176,22,1,1
BRDA:179,23,0,0
BRDA:179,23,1,77
BRDA:179,24,0,77
BRDA:179,24,1,77
BRDA:179,24,2,77
BRDA:179,24,3,0
BRDA:181,25,0,0
BRDA:181,25,1,0
BRDA:181,26,0,0
BRDA:181,26,1,0
BRDA:193,27,0,0
BRDA:193,27,1,0
BRDA:202,28,0,625
BRDA:202,28,1,0
BRDA:203,29,0,448
BRDA:203,29,1,177
BRDA:204,30,0,625
BRDA:204,30,1,552
BRDA:204,30,2,552
BRDA:204,30,3,474
BRF:68
BRH:54
end_of_record
TN:
SF:src/components/WikiApp/Menu/index.js
FN:6,(anonymous_0)
FNF:1
FNH:1
FNDA:13,(anonymous_0)
DA:6,3
DA:17,13
LF:2
LH:2
BRF:0
BRH:0
end_of_record
TN:
SF:src/components/WikiApp/Navigation/index.js
FN:6,(anonymous_0)
FN:9,(anonymous_1)
FN:23,(anonymous_2)
FN:34,(anonymous_3)
FN:41,(anonymous_4)
FN:43,(anonymous_5)
FN:50,(anonymous_6)
FNF:7
FNH:1
FNDA:12,(anonymous_0)
FNDA:0,(anonymous_1)
FNDA:0,(anonymous_2)
FNDA:0,(anonymous_3)
FNDA:0,(anonymous_4)
FNDA:0,(anonymous_5)
FNDA:0,(anonymous_6)
DA:6,2
DA:7,12
DA:9,12
DA:10,0
DA:11,0
DA:12,0
DA:13,0
DA:14,0
DA:16,0
DA:17,0
DA:23,12
DA:24,0
DA:25,0
DA:26,0
DA:30,12
DA:34,0
DA:42,0
DA:43,0
DA:50,0
LF:19
LH:5
BRDA:18,0,0,0
BRDA:18,0,1,0
BRDA:40,1,0,12
BRDA:40,1,1,0
BRF:4
BRH:1
end_of_record
TN:
SF:src/components/WikiApp/Tooltip/index.js
FN:6,(anonymous_0)
FN:15,(anonymous_1)
FN:20,(anonymous_2)
FN:21,(anonymous_3)
FN:23,(anonymous_4)
FN:26,(anonymous_5)
FN:27,(anonymous_6)
FN:32,(anonymous_7)
FNF:8
FNH:2
FNDA:0,(anonymous_0)
FNDA:1458,(anonymous_1)
FNDA:0,(anonymous_2)
FNDA:0,(anonymous_3)
FNDA:1457,(anonymous_4)
FNDA:0,(anonymous_5)
FNDA:0,(anonymous_6)
FNDA:0,(anonymous_7)
DA:6,3
DA:7,0
DA:8,0
DA:9,0
DA:10,0
DA:11,0
DA:12,0
DA:15,3
DA:16,1458
DA:17,1458
DA:18,1458
DA:19,1458
DA:20,1458
DA:21,1458
DA:23,1458
DA:24,1457
DA:25,0
DA:26,0
DA:28,0
DA:29,0
DA:30,0
DA:32,0
DA:36,1458
LF:23
LH:11
BRDA:6,0,0,0
BRDA:24,1,0,0
BRDA:24,1,1,1457
BRDA:24,2,0,1457
BRDA:24,2,1,0
BRDA:30,3,0,0
BRDA:30,3,1,0
BRDA:42,4,0,1458
BRDA:42,4,1,0
BRDA:44,5,0,0
BRDA:44,5,1,0
BRF:11
BRH:3
end_of_record
TN:
SF:src/hooks/useFetch.js
FN:3,(anonymous_0)
FN:8,(anonymous_1)
FN:9,(anonymous_2)
FNF:3
FNH:3
FNDA:24,(anonymous_0)
FNDA:12,(anonymous_1)
FNDA:12,(anonymous_2)
DA:3,2
DA:4,24
DA:5,24
DA:6,24
DA:8,24
DA:9,12
DA:10,12
DA:11,12
DA:12,12
DA:13,0
DA:14,0
DA:15,0
DA:17,12
DA:20,12
DA:23,24
LF:15
LH:12
BRDA:3,0,0,24
BRF:1
BRH:1
end_of_record
TN:
SF:src/hooks/useWiki.js
FN:10,(anonymous_0)
FN:13,(anonymous_1)
FN:19,(anonymous_2)
FN:22,(anonymous_3)
FNF:4
FNH:4
FNDA:12,(anonymous_0)
FNDA:6,(anonymous_1)
FNDA:12,(anonymous_2)
FNDA:6,(anonymous_3)
DA:10,2
DA:11,12
DA:12,12
DA:13,12
DA:14,6
DA:16,12
DA:19,2
DA:20,12
DA:21,12
DA:22,12
DA:23,6
DA:24,6
DA:26,6
DA:27,0
DA:28,0
DA:30,6
DA:32,12
LF:17
LH:15
BRF:0
BRH:0
end_of_record
TN:
SF:src/wiki_parser/index.js
FN:7,(anonymous_0)
FN:9,(anonymous_1)
FN:11,(anonymous_2)
FN:14,(anonymous_3)
FN:17,(anonymous_4)
FN:22,(anonymous_5)
FN:38,(anonymous_6)
FN:55,(anonymous_7)
FN:56,(anonymous_8)
FN:71,(anonymous_9)
FN:139,(anonymous_10)
FN:185,(anonymous_11)
FN:218,(anonymous_12)
FN:244,(anonymous_13)
FN:272,(anonymous_14)
FN:304,(anonymous_15)
FN:316,(anonymous_16)
FN:348,(anonymous_17)
FN:672,(anonymous_18)
FN:674,(anonymous_19)
FN:721,(anonymous_20)
FN:836,(anonymous_21)
FNF:22
FNH:22
FNDA:740,(anonymous_0)
FNDA:7535159,(anonymous_1)
FNDA:4697,(anonymous_2)
FNDA:4477,(anonymous_3)
FNDA:3056,(anonymous_4)
FNDA:11347,(anonymous_5)
FNDA:2126,(anonymous_6)
FNDA:142,(anonymous_7)
FNDA:32,(anonymous_8)
FNDA:142,(anonymous_9)
FNDA:1422,(anonymous_10)
FNDA:3,(anonymous_11)
FNDA:3,(anonymous_12)
FNDA:28,(anonymous_13)
FNDA:19,(anonymous_14)
FNDA:108,(anonymous_15)
FNDA:3,(anonymous_16)
FNDA:11342,(anonymous_17)
FNDA:11342,(anonymous_18)
FNDA:164,(anonymous_19)
FNDA:11342,(anonymous_20)
FNDA:1422,(anonymous_21)
DA:4,4
DA:5,4
DA:7,740
DA:9,7535159
DA:11,4
DA:12,4697
DA:14,4
DA:15,4477
DA:17,4
DA:18,3056
DA:22,4
DA:23,11347
DA:24,11347
DA:25,63710
DA:26,63710
DA:32,24936
DA:33,38774
DA:35,11347
DA:38,4
DA:39,2126
DA:41,2126
DA:42,2126
DA:44,2126
DA:45,13396
DA:46,13396
DA:50,13396
DA:52,2126
DA:55,4
DA:56,142
DA:57,32
DA:58,32
DA:59,32
DA:62,170
DA:63,170
DA:66,14
DA:68,18
DA:71,142
DA:72,142
DA:73,102
DA:74,102
DA:75,5698
DA:80,76
DA:82,26
DA:85,142
DA:86,142
DA:88,142
DA:89,142
DA:91,142
DA:93,142
DA:95,142
DA:97,142
DA:98,8
DA:99,8
DA:100,8
DA:101,134
DA:102,32
DA:103,32
DA:104,32
DA:106,102
DA:107,70
DA:110,102
DA:111,102
DA:112,88
DA:113,88
DA:117,12
DA:125,130
DA:126,130
DA:127,112
DA:133,18
DA:139,4
DA:144,1422
DA:147,1422
DA:148,1422
DA:149,0
DA:151,1422
DA:154,1422
DA:155,1422
DA:156,0
DA:157,0
DA:161,1422
DA:162,1422
DA:163,591
DA:164,591
DA:168,1422
DA:169,194
DA:173,1228
DA:174,1228
DA:175,0
DA:178,1228
DA:179,1228
DA:180,1228
DA:182,1228
DA:185,4
DA:192,3
DA:195,3
DA:196,3
DA:197,3
DA:200,3
DA:201,3
DA:202,0
DA:206,3
DA:207,3
DA:208,2
DA:212,3
DA:215,3
DA:218,4
DA:219,3
DA:223,3
DA:224,3
DA:226,3
DA:228,3
DA:230,3
DA:231,9
DA:232,9
DA:235,3
DA:236,3
DA:237,15
DA:238,9
DA:239,9
DA:241,3
DA:244,4
DA:245,28
DA:246,28
DA:252,28
DA:254,28
DA:255,606
DA:256,0
DA:257,606
DA:259,606
DA:260,606
DA:262,606
DA:263,606
DA:264,606
DA:265,606
DA:266,606
DA:269,28
DA:272,4
DA:273,19
DA:275,19
DA:276,19
DA:277,19
DA:279,19
DA:281,19
DA:283,19
DA:285,19
DA:287,19
DA:288,321
DA:289,321
DA:290,69
DA:291,69
DA:294,252
DA:295,252
DA:296,252
DA:297,252
DA:298,108
DA:299,144
DA:300,24
DA:301,120
DA:304,108
DA:313,19
DA:316,4
DA:317,3
DA:318,3
DA:321,3
DA:322,3
DA:324,3
DA:325,3
DA:327,3
DA:331,9
DA:342,9
DA:345,3
DA:348,4
DA:349,11342
DA:350,1422
DA:353,9920
DA:355,9917
DA:356,146
DA:358,146
DA:359,146
DA:360,146
DA:362,0
DA:366,9771
DA:367,2706
DA:368,2126
DA:369,580
DA:370,3
DA:371,577
DA:372,2
DA:373,2
DA:382,575
DA:383,0
DA:384,0
DA:388,575
DA:389,142
DA:390,433
DA:391,19
DA:392,414
DA:393,3
DA:396,411
DA:403,7065
DA:420,4586
DA:421,4586
DA:422,4477
DA:423,4477
DA:424,4477
DA:425,4477
DA:426,4477
DA:464,4477
DA:468,4477
DA:470,0
DA:472,4477
DA:473,4477
DA:474,4477
DA:476,4477
DA:477,4471
DA:478,4471
DA:479,4471
DA:481,4471
DA:482,178
DA:485,4471
DA:486,4471
DA:498,115
DA:499,115
DA:500,115
DA:501,115
DA:502,113
DA:503,113
DA:504,113
DA:505,113
DA:506,113
DA:507,113
DA:508,113
DA:509,113
DA:510,113
DA:512,113
DA:514,598
DA:515,391
DA:516,391
DA:520,207
DA:521,51
DA:522,156
DA:525,113
DA:526,113
DA:529,2481
DA:532,4
DA:538,4
DA:545,4
DA:551,4
DA:557,4
DA:563,4
DA:569,4
DA:575,4
DA:581,4
DA:587,4
DA:593,4
DA:599,4
DA:605,4
DA:611,4
DA:617,4
DA:623,4
DA:629,4
DA:635,4
DA:641,4
DA:666,4
DA:667,4
DA:668,4
DA:669,4
DA:670,4
DA:672,4
DA:673,11342
DA:674,164
DA:675,3
DA:676,3
DA:677,3
DA:679,3
DA:681,3
DA:682,164
DA:683,164
DA:684,164
DA:687,164
DA:688,164
DA:689,164
DA:690,164
DA:691,164
DA:694,164
DA:695,37
DA:697,37
DA:698,37
DA:699,37
DA:700,37
DA:701,127
DA:702,93
DA:704,93
DA:705,93
DA:706,93
DA:708,34
DA:709,34
DA:711,34
DA:712,34
DA:713,34
DA:715,164
DA:716,164
DA:718,3
DA:721,4
DA:722,11342
DA:724,11342
DA:726,11342
DA:727,11342
DA:728,11342
DA:729,11342
DA:730,11342
DA:734,11342
DA:735,11342
DA:736,11342
DA:737,11342
DA:739,11342
DA:741,1118093
DA:742,1118093
DA:743,1118093
DA:744,6594131
DA:745,9346
DA:746,9346
DA:747,9346
DA:749,9346
DA:750,23
DA:751,23
DA:752,23
DA:753,23
DA:756,9323
DA:757,9323
DA:758,9323
DA:760,9323
DA:761,1422
DA:763,9323
DA:764,164
DA:767,9323
DA:772,113
DA:775,9323
DA:776,3
DA:779,9323
DA:782,1118093
DA:784,1118070
DA:785,1108747
DA:786,882950
DA:787,882950
DA:788,936274
DA:789,9901
DA:790,9901
DA:791,9901
DA:793,9901
DA:794,4586
DA:795,4754
DA:796,4754
DA:797,3
DA:798,3
DA:799,4751
DA:800,210
DA:801,4541
DA:806,882950
DA:809,1098846
DA:810,1098846
DA:811,1098846
DA:816,11342
DA:819,11342
DA:833,11342
DA:836,1422
LF:366
LH:356
BRDA:9,0,0,7535159
BRDA:9,0,1,29584
BRDA:18,1,0,472
BRDA:18,1,1,2584
BRDA:18,2,0,3056
BRDA:18,2,1,997
BRDA:18,2,2,472
BRDA:26,3,0,24936
BRDA:26,3,1,38774
BRDA:27,4,0,63710
BRDA:27,4,1,52371
BRDA:27,4,2,50091
BRDA:27,4,3,20174
BRDA:27,4,4,38774
BRDA:27,4,5,0
BRDA:63,5,0,80
BRDA:63,5,1,90
BRDA:72,6,0,40
BRDA:72,6,1,102
BRDA:75,7,0,76
BRDA:75,7,1,5622
BRDA:76,8,0,5698
BRDA:76,8,1,5654
BRDA:76,8,2,5632
BRDA:97,9,0,8
BRDA:97,9,1,134
BRDA:101,10,0,32
BRDA:101,10,1,102
BRDA:106,11,0,70
BRDA:106,11,1,32
BRDA:106,12,0,102
BRDA:106,12,1,90
BRDA:110,13,0,32
BRDA:110,13,1,70
BRDA:111,14,0,88
BRDA:111,14,1,14
BRDA:111,15,0,102
BRDA:111,15,1,102
BRDA:111,15,2,88
BRDA:125,16,0,112
BRDA:125,16,1,18
BRDA:126,17,0,112
BRDA:126,17,1,18
BRDA:126,18,0,130
BRDA:126,18,1,130
BRDA:126,18,2,116
BRDA:148,19,0,0
BRDA:148,19,1,1422
BRDA:155,20,0,0
BRDA:155,20,1,1422
BRDA:162,21,0,591
BRDA:162,21,1,831
BRDA:168,22,0,194
BRDA:168,22,1,1228
BRDA:174,23,0,0
BRDA:174,23,1,1228
BRDA:196,24,0,0
BRDA:196,24,1,3
BRDA:201,25,0,0
BRDA:201,25,1,3
BRDA:207,26,0,2
BRDA:207,26,1,1
BRDA:212,27,0,2
BRDA:212,27,1,1
BRDA:224,28,0,0
BRDA:224,28,1,3
BRDA:237,29,0,6
BRDA:237,29,1,9
BRDA:255,30,0,0
BRDA:255,30,1,606
BRDA:264,31,0,0
BRDA:264,31,1,606
BRDA:266,32,0,24
BRDA:266,32,1,582
BRDA:279,33,0,0
BRDA:279,33,1,19
BRDA:289,34,0,69
BRDA:289,34,1,252
BRDA:296,35,0,108
BRDA:296,35,1,144
BRDA:297,36,0,108
BRDA:297,36,1,144
BRDA:299,37,0,24
BRDA:299,37,1,120
BRDA:310,38,0,108
BRDA:310,38,1,84
BRDA:322,39,0,0
BRDA:322,39,1,3
BRDA:349,40,0,1422
BRDA:349,40,1,9920
BRDA:353,41,0,3
BRDA:353,41,1,9917
BRDA:355,42,0,146
BRDA:355,42,1,9771
BRDA:358,43,0,146
BRDA:358,43,1,0
BRDA:366,44,0,2706
BRDA:366,44,1,7065
BRDA:367,45,0,2126
BRDA:367,45,1,580
BRDA:369,46,0,3
BRDA:369,46,1,577
BRDA:371,47,0,2
BRDA:371,47,1,575
BRDA:382,48,0,0
BRDA:382,48,1,575
BRDA:388,49,0,142
BRDA:388,49,1,433
BRDA:390,50,0,19
BRDA:390,50,1,414
BRDA:392,51,0,3
BRDA:392,51,1,411
BRDA:403,52,0,4586
BRDA:403,52,1,2479
BRDA:421,53,0,4477
BRDA:421,53,1,109
BRDA:424,54,0,4477
BRDA:424,54,1,1495
BRDA:426,55,0,4477
BRDA:426,55,1,4299
BRDA:468,56,0,0
BRDA:468,56,1,4477
BRDA:472,57,0,4477
BRDA:472,57,1,4431
BRDA:473,58,0,4477
BRDA:473,58,1,4212
BRDA:473,58,2,6
BRDA:474,59,0,4477
BRDA:474,59,1,4212
BRDA:474,59,2,4003
BRDA:476,60,0,4471
BRDA:476,60,1,6
BRDA:479,61,0,2981
BRDA:479,61,1,1490
BRDA:479,62,0,6
BRDA:479,62,1,1484
BRDA:481,63,0,178
BRDA:481,63,1,4293
BRDA:501,64,0,113
BRDA:501,64,1,2
BRDA:514,65,0,391
BRDA:514,65,1,207
BRDA:520,66,0,51
BRDA:520,66,1,156
BRDA:673,67,0,11339
BRDA:673,67,1,3
BRDA:694,68,0,37
BRDA:694,68,1,127
BRDA:697,69,0,37
BRDA:697,69,1,0
BRDA:701,70,0,93
BRDA:701,70,1,34
BRDA:721,71,0,11342
BRDA:734,72,0,2019
BRDA:734,72,1,9323
BRDA:736,73,0,2019
BRDA:736,73,1,9323
BRDA:737,74,0,2019
BRDA:737,74,1,9323
BRDA:744,75,0,6584785
BRDA:744,75,1,9346
BRDA:746,76,0,7740
BRDA:746,76,1,1606
BRDA:749,77,0,23
BRDA:749,77,1,9323
BRDA:760,78,0,1422
BRDA:760,78,1,7901
BRDA:763,79,0,164
BRDA:763,79,1,9159
BRDA:767,80,0,113
BRDA:767,80,1,9210
BRDA:768,81,0,9323
BRDA:768,81,1,4586
BRDA:768,81,2,113
BRDA:775,82,0,3
BRDA:775,82,1,9320
BRDA:782,83,0,23
BRDA:782,83,1,1118070
BRDA:784,84,0,1108747
BRDA:784,84,1,9323
BRDA:785,85,0,882950
BRDA:785,85,1,225797
BRDA:788,86,0,9901
BRDA:788,86,1,926373
BRDA:793,87,0,4586
BRDA:793,87,1,5315
BRDA:796,88,0,3
BRDA:796,88,1,4751
BRDA:799,89,0,210
BRDA:799,89,1,4541
BRDA:806,90,0,9901
BRDA:806,90,1,873049
BRDA:809,91,0,1098846
BRDA:809,91,1,0
BRDA:816,92,0,9109
BRDA:816,92,1,2233
BRDA:823,93,0,11342
BRDA:823,93,1,0
BRDA:836,94,0,1413
BRDA:836,94,1,9
BRF:200
BRH:183
end_of_record
TN:
SF:src/wiki_parser/test_input.js
FNF:0
FNH:0
DA:1,2
LF:1
LH:1
BRF:0
BRH:0
end_of_record
